{"C:\\Users\\Mateo\\Desktop\\Trabajos Universidad\\Pruebas_De_Software\\PROYECTO\\Proyecto.PruebasU1\\Backend\\src\\app.js": {"path":"C:\\Users\\Mateo\\Desktop\\Trabajos Universidad\\Pruebas_De_Software\\PROYECTO\\Proyecto.PruebasU1\\Backend\\src\\app.js","statementMap":{"0":{"start":{"line":1,"column":16},"end":{"line":1,"column":34}},"1":{"start":{"line":3,"column":19},"end":{"line":3,"column":50}},"2":{"start":{"line":4,"column":21},"end":{"line":4,"column":53}},"3":{"start":{"line":5,"column":22},"end":{"line":5,"column":56}},"4":{"start":{"line":7,"column":12},"end":{"line":7,"column":21}},"5":{"start":{"line":10,"column":0},"end":{"line":17,"column":3}},"6":{"start":{"line":11,"column":4},"end":{"line":11,"column":54}},"7":{"start":{"line":12,"column":4},"end":{"line":12,"column":81}},"8":{"start":{"line":13,"column":4},"end":{"line":13,"column":80}},"9":{"start":{"line":15,"column":4},"end":{"line":15,"column":61}},"10":{"start":{"line":15,"column":34},"end":{"line":15,"column":61}},"11":{"start":{"line":16,"column":4},"end":{"line":16,"column":11}},"12":{"start":{"line":19,"column":0},"end":{"line":19,"column":24}},"13":{"start":{"line":22,"column":0},"end":{"line":22,"column":34}},"14":{"start":{"line":23,"column":0},"end":{"line":23,"column":30}},"15":{"start":{"line":24,"column":0},"end":{"line":24,"column":41}},"16":{"start":{"line":25,"column":0},"end":{"line":25,"column":37}},"17":{"start":{"line":26,"column":0},"end":{"line":26,"column":40}},"18":{"start":{"line":27,"column":0},"end":{"line":27,"column":36}},"19":{"start":{"line":30,"column":0},"end":{"line":32,"column":3}},"20":{"start":{"line":31,"column":4},"end":{"line":31,"column":64}},"21":{"start":{"line":35,"column":0},"end":{"line":40,"column":1}},"22":{"start":{"line":36,"column":17},"end":{"line":36,"column":41}},"23":{"start":{"line":37,"column":4},"end":{"line":39,"column":7}},"24":{"start":{"line":38,"column":8},"end":{"line":38,"column":79}},"25":{"start":{"line":42,"column":0},"end":{"line":42,"column":21}}},"fnMap":{"0":{"name":"(anonymous_0)","decl":{"start":{"line":10,"column":8},"end":{"line":10,"column":9}},"loc":{"start":{"line":10,"column":28},"end":{"line":17,"column":1}},"line":10},"1":{"name":"(anonymous_1)","decl":{"start":{"line":30,"column":8},"end":{"line":30,"column":9}},"loc":{"start":{"line":30,"column":22},"end":{"line":32,"column":1}},"line":30},"2":{"name":"(anonymous_2)","decl":{"start":{"line":37,"column":21},"end":{"line":37,"column":22}},"loc":{"start":{"line":37,"column":27},"end":{"line":39,"column":5}},"line":37}},"branchMap":{"0":{"loc":{"start":{"line":15,"column":4},"end":{"line":15,"column":61}},"type":"if","locations":[{"start":{"line":15,"column":4},"end":{"line":15,"column":61}},{"start":{},"end":{}}],"line":15},"1":{"loc":{"start":{"line":35,"column":0},"end":{"line":40,"column":1}},"type":"if","locations":[{"start":{"line":35,"column":0},"end":{"line":40,"column":1}},{"start":{},"end":{}}],"line":35},"2":{"loc":{"start":{"line":36,"column":17},"end":{"line":36,"column":41}},"type":"binary-expr","locations":[{"start":{"line":36,"column":17},"end":{"line":36,"column":33}},{"start":{"line":36,"column":37},"end":{"line":36,"column":41}}],"line":36}},"s":{"0":3,"1":3,"2":3,"3":3,"4":3,"5":3,"6":66,"7":66,"8":66,"9":66,"10":0,"11":66,"12":3,"13":3,"14":3,"15":3,"16":3,"17":3,"18":3,"19":3,"20":0,"21":3,"22":0,"23":0,"24":0,"25":3},"f":{"0":66,"1":0,"2":0},"b":{"0":[0,66],"1":[0,3],"2":[0,0]},"_coverageSchema":"1a1c01bbd47fc00a2c39e90264f33305004495a9","hash":"e5cc85d4d1e4774a71624239b3e588e93823ede1"}
,"C:\\Users\\Mateo\\Desktop\\Trabajos Universidad\\Pruebas_De_Software\\PROYECTO\\Proyecto.PruebasU1\\Backend\\src\\controllers\\auto.controller.js": {"path":"C:\\Users\\Mateo\\Desktop\\Trabajos Universidad\\Pruebas_De_Software\\PROYECTO\\Proyecto.PruebasU1\\Backend\\src\\controllers\\auto.controller.js","statementMap":{"0":{"start":{"line":12,"column":14},"end":{"line":12,"column":16}},"1":{"start":{"line":16,"column":4},"end":{"line":16,"column":20}},"2":{"start":{"line":21,"column":55},"end":{"line":21,"column":63}},"3":{"start":{"line":24,"column":4},"end":{"line":26,"column":5}},"4":{"start":{"line":25,"column":8},"end":{"line":25,"column":111}},"5":{"start":{"line":29,"column":20},"end":{"line":36,"column":5}},"6":{"start":{"line":39,"column":4},"end":{"line":39,"column":24}},"7":{"start":{"line":42,"column":4},"end":{"line":42,"column":34}},"8":{"start":{"line":47,"column":19},"end":{"line":47,"column":29}},"9":{"start":{"line":48,"column":55},"end":{"line":48,"column":63}},"10":{"start":{"line":50,"column":14},"end":{"line":50,"column":46}},"11":{"start":{"line":50,"column":35},"end":{"line":50,"column":45}},"12":{"start":{"line":51,"column":4},"end":{"line":51,"column":81}},"13":{"start":{"line":51,"column":18},"end":{"line":51,"column":81}},"14":{"start":{"line":53,"column":4},"end":{"line":53,"column":52}},"15":{"start":{"line":53,"column":29},"end":{"line":53,"column":52}},"16":{"start":{"line":54,"column":4},"end":{"line":54,"column":55}},"17":{"start":{"line":54,"column":30},"end":{"line":54,"column":55}},"18":{"start":{"line":55,"column":4},"end":{"line":55,"column":46}},"19":{"start":{"line":55,"column":27},"end":{"line":55,"column":46}},"20":{"start":{"line":56,"column":4},"end":{"line":56,"column":52}},"21":{"start":{"line":56,"column":29},"end":{"line":56,"column":52}},"22":{"start":{"line":57,"column":4},"end":{"line":57,"column":70}},"23":{"start":{"line":57,"column":35},"end":{"line":57,"column":70}},"24":{"start":{"line":59,"column":4},"end":{"line":59,"column":23}},"25":{"start":{"line":64,"column":19},"end":{"line":64,"column":29}},"26":{"start":{"line":66,"column":18},"end":{"line":66,"column":51}},"27":{"start":{"line":66,"column":39},"end":{"line":66,"column":50}},"28":{"start":{"line":67,"column":4},"end":{"line":67,"column":85}},"29":{"start":{"line":67,"column":22},"end":{"line":67,"column":85}},"30":{"start":{"line":69,"column":20},"end":{"line":69,"column":42}},"31":{"start":{"line":71,"column":4},"end":{"line":71,"column":25}},"32":{"start":{"line":74,"column":0},"end":{"line":74,"column":81}}},"fnMap":{"0":{"name":"getAllPatients","decl":{"start":{"line":15,"column":9},"end":{"line":15,"column":23}},"loc":{"start":{"line":15,"column":34},"end":{"line":17,"column":1}},"line":15},"1":{"name":"addnewPatient","decl":{"start":{"line":20,"column":9},"end":{"line":20,"column":22}},"loc":{"start":{"line":20,"column":33},"end":{"line":43,"column":1}},"line":20},"2":{"name":"updatePatient","decl":{"start":{"line":46,"column":9},"end":{"line":46,"column":22}},"loc":{"start":{"line":46,"column":33},"end":{"line":60,"column":1}},"line":46},"3":{"name":"(anonymous_3)","decl":{"start":{"line":50,"column":30},"end":{"line":50,"column":31}},"loc":{"start":{"line":50,"column":35},"end":{"line":50,"column":45}},"line":50},"4":{"name":"deletePatient","decl":{"start":{"line":63,"column":9},"end":{"line":63,"column":22}},"loc":{"start":{"line":63,"column":33},"end":{"line":72,"column":1}},"line":63},"5":{"name":"(anonymous_5)","decl":{"start":{"line":66,"column":34},"end":{"line":66,"column":35}},"loc":{"start":{"line":66,"column":39},"end":{"line":66,"column":50}},"line":66}},"branchMap":{"0":{"loc":{"start":{"line":24,"column":4},"end":{"line":26,"column":5}},"type":"if","locations":[{"start":{"line":24,"column":4},"end":{"line":26,"column":5}},{"start":{},"end":{}}],"line":24},"1":{"loc":{"start":{"line":24,"column":8},"end":{"line":24,"column":59}},"type":"binary-expr","locations":[{"start":{"line":24,"column":8},"end":{"line":24,"column":14}},{"start":{"line":24,"column":18},"end":{"line":24,"column":25}},{"start":{"line":24,"column":29},"end":{"line":24,"column":33}},{"start":{"line":24,"column":37},"end":{"line":24,"column":43}},{"start":{"line":24,"column":47},"end":{"line":24,"column":59}}],"line":24},"2":{"loc":{"start":{"line":51,"column":4},"end":{"line":51,"column":81}},"type":"if","locations":[{"start":{"line":51,"column":4},"end":{"line":51,"column":81}},{"start":{},"end":{}}],"line":51},"3":{"loc":{"start":{"line":53,"column":4},"end":{"line":53,"column":52}},"type":"if","locations":[{"start":{"line":53,"column":4},"end":{"line":53,"column":52}},{"start":{},"end":{}}],"line":53},"4":{"loc":{"start":{"line":54,"column":4},"end":{"line":54,"column":55}},"type":"if","locations":[{"start":{"line":54,"column":4},"end":{"line":54,"column":55}},{"start":{},"end":{}}],"line":54},"5":{"loc":{"start":{"line":55,"column":4},"end":{"line":55,"column":46}},"type":"if","locations":[{"start":{"line":55,"column":4},"end":{"line":55,"column":46}},{"start":{},"end":{}}],"line":55},"6":{"loc":{"start":{"line":56,"column":4},"end":{"line":56,"column":52}},"type":"if","locations":[{"start":{"line":56,"column":4},"end":{"line":56,"column":52}},{"start":{},"end":{}}],"line":56},"7":{"loc":{"start":{"line":57,"column":4},"end":{"line":57,"column":70}},"type":"if","locations":[{"start":{"line":57,"column":4},"end":{"line":57,"column":70}},{"start":{},"end":{}}],"line":57},"8":{"loc":{"start":{"line":67,"column":4},"end":{"line":67,"column":85}},"type":"if","locations":[{"start":{"line":67,"column":4},"end":{"line":67,"column":85}},{"start":{},"end":{}}],"line":67}},"s":{"0":3,"1":1,"2":4,"3":4,"4":1,"5":3,"6":3,"7":3,"8":1,"9":1,"10":1,"11":2,"12":1,"13":0,"14":1,"15":0,"16":1,"17":0,"18":1,"19":0,"20":1,"21":1,"22":1,"23":0,"24":1,"25":1,"26":1,"27":3,"28":1,"29":1,"30":0,"31":0,"32":3},"f":{"0":1,"1":4,"2":1,"3":2,"4":1,"5":3},"b":{"0":[1,3],"1":[4,4,3,3,3],"2":[0,1],"3":[0,1],"4":[0,1],"5":[0,1],"6":[1,0],"7":[0,1],"8":[1,0]},"_coverageSchema":"1a1c01bbd47fc00a2c39e90264f33305004495a9","hash":"c05e93d36f20a172c721332c7a91111acb6d9cf7"}
,"C:\\Users\\Mateo\\Desktop\\Trabajos Universidad\\Pruebas_De_Software\\PROYECTO\\Proyecto.PruebasU1\\Backend\\src\\controllers\\cliente.controller.js": {"path":"C:\\Users\\Mateo\\Desktop\\Trabajos Universidad\\Pruebas_De_Software\\PROYECTO\\Proyecto.PruebasU1\\Backend\\src\\controllers\\cliente.controller.js","statementMap":{"0":{"start":{"line":1,"column":17},"end":{"line":1,"column":19}},"1":{"start":{"line":4,"column":4},"end":{"line":4,"column":23}},"2":{"start":{"line":8,"column":59},"end":{"line":8,"column":67}},"3":{"start":{"line":11,"column":4},"end":{"line":13,"column":5}},"4":{"start":{"line":12,"column":8},"end":{"line":12,"column":111}},"5":{"start":{"line":16,"column":4},"end":{"line":19,"column":5}},"6":{"start":{"line":18,"column":8},"end":{"line":18,"column":111}},"7":{"start":{"line":22,"column":23},"end":{"line":22,"column":51}},"8":{"start":{"line":23,"column":4},"end":{"line":25,"column":5}},"9":{"start":{"line":24,"column":8},"end":{"line":24,"column":88}},"10":{"start":{"line":27,"column":23},"end":{"line":34,"column":5}},"11":{"start":{"line":35,"column":4},"end":{"line":35,"column":30}},"12":{"start":{"line":36,"column":4},"end":{"line":36,"column":37}},"13":{"start":{"line":40,"column":19},"end":{"line":40,"column":29}},"14":{"start":{"line":41,"column":59},"end":{"line":41,"column":67}},"15":{"start":{"line":42,"column":14},"end":{"line":42,"column":49}},"16":{"start":{"line":42,"column":38},"end":{"line":42,"column":48}},"17":{"start":{"line":43,"column":4},"end":{"line":43,"column":84}},"18":{"start":{"line":43,"column":18},"end":{"line":43,"column":84}},"19":{"start":{"line":44,"column":4},"end":{"line":44,"column":58}},"20":{"start":{"line":44,"column":30},"end":{"line":44,"column":58}},"21":{"start":{"line":45,"column":4},"end":{"line":45,"column":55}},"22":{"start":{"line":45,"column":29},"end":{"line":45,"column":55}},"23":{"start":{"line":46,"column":4},"end":{"line":46,"column":64}},"24":{"start":{"line":46,"column":32},"end":{"line":46,"column":64}},"25":{"start":{"line":47,"column":4},"end":{"line":47,"column":67}},"26":{"start":{"line":47,"column":33},"end":{"line":47,"column":67}},"27":{"start":{"line":48,"column":4},"end":{"line":48,"column":58}},"28":{"start":{"line":48,"column":30},"end":{"line":48,"column":58}},"29":{"start":{"line":49,"column":4},"end":{"line":49,"column":26}},"30":{"start":{"line":53,"column":19},"end":{"line":53,"column":29}},"31":{"start":{"line":54,"column":18},"end":{"line":54,"column":53}},"32":{"start":{"line":54,"column":42},"end":{"line":54,"column":52}},"33":{"start":{"line":55,"column":4},"end":{"line":55,"column":88}},"34":{"start":{"line":55,"column":22},"end":{"line":55,"column":88}},"35":{"start":{"line":56,"column":20},"end":{"line":56,"column":45}},"36":{"start":{"line":57,"column":4},"end":{"line":57,"column":25}},"37":{"start":{"line":60,"column":0},"end":{"line":60,"column":81}}},"fnMap":{"0":{"name":"getAllClientes","decl":{"start":{"line":3,"column":9},"end":{"line":3,"column":23}},"loc":{"start":{"line":3,"column":34},"end":{"line":5,"column":1}},"line":3},"1":{"name":"addNewCliente","decl":{"start":{"line":7,"column":9},"end":{"line":7,"column":22}},"loc":{"start":{"line":7,"column":33},"end":{"line":37,"column":1}},"line":7},"2":{"name":"updateCliente","decl":{"start":{"line":39,"column":9},"end":{"line":39,"column":22}},"loc":{"start":{"line":39,"column":33},"end":{"line":50,"column":1}},"line":39},"3":{"name":"(anonymous_3)","decl":{"start":{"line":42,"column":33},"end":{"line":42,"column":34}},"loc":{"start":{"line":42,"column":38},"end":{"line":42,"column":48}},"line":42},"4":{"name":"deleteCliente","decl":{"start":{"line":52,"column":9},"end":{"line":52,"column":22}},"loc":{"start":{"line":52,"column":33},"end":{"line":58,"column":1}},"line":52},"5":{"name":"(anonymous_5)","decl":{"start":{"line":54,"column":37},"end":{"line":54,"column":38}},"loc":{"start":{"line":54,"column":42},"end":{"line":54,"column":52}},"line":54}},"branchMap":{"0":{"loc":{"start":{"line":11,"column":4},"end":{"line":13,"column":5}},"type":"if","locations":[{"start":{"line":11,"column":4},"end":{"line":13,"column":5}},{"start":{},"end":{}}],"line":11},"1":{"loc":{"start":{"line":11,"column":8},"end":{"line":11,"column":63}},"type":"binary-expr","locations":[{"start":{"line":11,"column":8},"end":{"line":11,"column":15}},{"start":{"line":11,"column":19},"end":{"line":11,"column":25}},{"start":{"line":11,"column":29},"end":{"line":11,"column":38}},{"start":{"line":11,"column":42},"end":{"line":11,"column":52}},{"start":{"line":11,"column":56},"end":{"line":11,"column":63}}],"line":11},"2":{"loc":{"start":{"line":16,"column":4},"end":{"line":19,"column":5}},"type":"if","locations":[{"start":{"line":16,"column":4},"end":{"line":19,"column":5}},{"start":{},"end":{}}],"line":16},"3":{"loc":{"start":{"line":16,"column":8},"end":{"line":17,"column":55}},"type":"binary-expr","locations":[{"start":{"line":16,"column":8},"end":{"line":16,"column":28}},{"start":{"line":16,"column":32},"end":{"line":16,"column":51}},{"start":{"line":16,"column":55},"end":{"line":16,"column":77}},{"start":{"line":17,"column":8},"end":{"line":17,"column":31}},{"start":{"line":17,"column":35},"end":{"line":17,"column":55}}],"line":16},"4":{"loc":{"start":{"line":23,"column":4},"end":{"line":25,"column":5}},"type":"if","locations":[{"start":{"line":23,"column":4},"end":{"line":25,"column":5}},{"start":{},"end":{}}],"line":23},"5":{"loc":{"start":{"line":43,"column":4},"end":{"line":43,"column":84}},"type":"if","locations":[{"start":{"line":43,"column":4},"end":{"line":43,"column":84}},{"start":{},"end":{}}],"line":43},"6":{"loc":{"start":{"line":44,"column":4},"end":{"line":44,"column":58}},"type":"if","locations":[{"start":{"line":44,"column":4},"end":{"line":44,"column":58}},{"start":{},"end":{}}],"line":44},"7":{"loc":{"start":{"line":45,"column":4},"end":{"line":45,"column":55}},"type":"if","locations":[{"start":{"line":45,"column":4},"end":{"line":45,"column":55}},{"start":{},"end":{}}],"line":45},"8":{"loc":{"start":{"line":46,"column":4},"end":{"line":46,"column":64}},"type":"if","locations":[{"start":{"line":46,"column":4},"end":{"line":46,"column":64}},{"start":{},"end":{}}],"line":46},"9":{"loc":{"start":{"line":47,"column":4},"end":{"line":47,"column":67}},"type":"if","locations":[{"start":{"line":47,"column":4},"end":{"line":47,"column":67}},{"start":{},"end":{}}],"line":47},"10":{"loc":{"start":{"line":48,"column":4},"end":{"line":48,"column":58}},"type":"if","locations":[{"start":{"line":48,"column":4},"end":{"line":48,"column":58}},{"start":{},"end":{}}],"line":48},"11":{"loc":{"start":{"line":55,"column":4},"end":{"line":55,"column":88}},"type":"if","locations":[{"start":{"line":55,"column":4},"end":{"line":55,"column":88}},{"start":{},"end":{}}],"line":55}},"s":{"0":3,"1":2,"2":10,"3":10,"4":1,"5":9,"6":1,"7":8,"8":8,"9":1,"10":7,"11":7,"12":7,"13":6,"14":6,"15":6,"16":22,"17":6,"18":1,"19":5,"20":1,"21":5,"22":2,"23":5,"24":1,"25":5,"26":1,"27":5,"28":2,"29":5,"30":2,"31":2,"32":5,"33":2,"34":1,"35":1,"36":1,"37":3},"f":{"0":2,"1":10,"2":6,"3":22,"4":2,"5":5},"b":{"0":[1,9],"1":[10,10,9,9,9],"2":[1,8],"3":[9,8,8,8,8],"4":[1,7],"5":[1,5],"6":[1,4],"7":[2,3],"8":[1,4],"9":[1,4],"10":[2,3],"11":[1,1]},"_coverageSchema":"1a1c01bbd47fc00a2c39e90264f33305004495a9","hash":"70e924628536bae1e764fcd512fd37ccfcf308f6"}
,"C:\\Users\\Mateo\\Desktop\\Trabajos Universidad\\Pruebas_De_Software\\PROYECTO\\Proyecto.PruebasU1\\Backend\\src\\controllers\\vendor.controller.js": {"path":"C:\\Users\\Mateo\\Desktop\\Trabajos Universidad\\Pruebas_De_Software\\PROYECTO\\Proyecto.PruebasU1\\Backend\\src\\controllers\\vendor.controller.js","statementMap":{"0":{"start":{"line":1,"column":19},"end":{"line":1,"column":21}},"1":{"start":{"line":3,"column":19},"end":{"line":3,"column":47}},"2":{"start":{"line":4,"column":19},"end":{"line":4,"column":34}},"3":{"start":{"line":8,"column":64},"end":{"line":8,"column":72}},"4":{"start":{"line":10,"column":4},"end":{"line":11,"column":119}},"5":{"start":{"line":11,"column":8},"end":{"line":11,"column":119}},"6":{"start":{"line":13,"column":4},"end":{"line":14,"column":74}},"7":{"start":{"line":14,"column":8},"end":{"line":14,"column":74}},"8":{"start":{"line":16,"column":4},"end":{"line":19,"column":11}},"9":{"start":{"line":17,"column":8},"end":{"line":19,"column":11}},"10":{"start":{"line":21,"column":4},"end":{"line":24,"column":11}},"11":{"start":{"line":22,"column":8},"end":{"line":24,"column":11}},"12":{"start":{"line":26,"column":4},"end":{"line":27,"column":80}},"13":{"start":{"line":26,"column":29},"end":{"line":26,"column":46}},"14":{"start":{"line":27,"column":8},"end":{"line":27,"column":80}},"15":{"start":{"line":29,"column":4},"end":{"line":30,"column":93}},"16":{"start":{"line":29,"column":29},"end":{"line":29,"column":64}},"17":{"start":{"line":30,"column":8},"end":{"line":30,"column":93}},"18":{"start":{"line":32,"column":24},"end":{"line":39,"column":5}},"19":{"start":{"line":41,"column":4},"end":{"line":41,"column":33}},"20":{"start":{"line":42,"column":4},"end":{"line":42,"column":45}},"21":{"start":{"line":47,"column":4},"end":{"line":47,"column":25}},"22":{"start":{"line":52,"column":15},"end":{"line":52,"column":36}},"23":{"start":{"line":53,"column":21},"end":{"line":53,"column":54}},"24":{"start":{"line":53,"column":42},"end":{"line":53,"column":53}},"25":{"start":{"line":55,"column":4},"end":{"line":56,"column":75}},"26":{"start":{"line":56,"column":8},"end":{"line":56,"column":75}},"27":{"start":{"line":58,"column":4},"end":{"line":58,"column":23}},"28":{"start":{"line":63,"column":15},"end":{"line":63,"column":38}},"29":{"start":{"line":64,"column":64},"end":{"line":64,"column":72}},"30":{"start":{"line":66,"column":18},"end":{"line":66,"column":56}},"31":{"start":{"line":66,"column":44},"end":{"line":66,"column":55}},"32":{"start":{"line":67,"column":4},"end":{"line":68,"column":75}},"33":{"start":{"line":68,"column":8},"end":{"line":68,"column":75}},"34":{"start":{"line":70,"column":21},"end":{"line":70,"column":38}},"35":{"start":{"line":72,"column":4},"end":{"line":73,"column":74}},"36":{"start":{"line":73,"column":8},"end":{"line":73,"column":74}},"37":{"start":{"line":75,"column":4},"end":{"line":78,"column":11}},"38":{"start":{"line":76,"column":8},"end":{"line":78,"column":11}},"39":{"start":{"line":80,"column":4},"end":{"line":83,"column":11}},"40":{"start":{"line":81,"column":8},"end":{"line":83,"column":11}},"41":{"start":{"line":85,"column":4},"end":{"line":86,"column":98}},"42":{"start":{"line":85,"column":52},"end":{"line":85,"column":84}},"43":{"start":{"line":86,"column":8},"end":{"line":86,"column":98}},"44":{"start":{"line":88,"column":4},"end":{"line":90,"column":93}},"45":{"start":{"line":89,"column":29},"end":{"line":89,"column":79}},"46":{"start":{"line":90,"column":8},"end":{"line":90,"column":93}},"47":{"start":{"line":92,"column":4},"end":{"line":99,"column":6}},"48":{"start":{"line":101,"column":4},"end":{"line":101,"column":32}},"49":{"start":{"line":106,"column":15},"end":{"line":106,"column":38}},"50":{"start":{"line":107,"column":18},"end":{"line":107,"column":56}},"51":{"start":{"line":107,"column":44},"end":{"line":107,"column":55}},"52":{"start":{"line":109,"column":4},"end":{"line":110,"column":75}},"53":{"start":{"line":110,"column":8},"end":{"line":110,"column":75}},"54":{"start":{"line":112,"column":4},"end":{"line":112,"column":32}},"55":{"start":{"line":113,"column":4},"end":{"line":113,"column":73}},"56":{"start":{"line":116,"column":0},"end":{"line":122,"column":2}}},"fnMap":{"0":{"name":"createVendor","decl":{"start":{"line":7,"column":9},"end":{"line":7,"column":21}},"loc":{"start":{"line":7,"column":32},"end":{"line":43,"column":1}},"line":7},"1":{"name":"(anonymous_1)","decl":{"start":{"line":26,"column":24},"end":{"line":26,"column":25}},"loc":{"start":{"line":26,"column":29},"end":{"line":26,"column":46}},"line":26},"2":{"name":"(anonymous_2)","decl":{"start":{"line":29,"column":24},"end":{"line":29,"column":25}},"loc":{"start":{"line":29,"column":29},"end":{"line":29,"column":64}},"line":29},"3":{"name":"getAllVendors","decl":{"start":{"line":46,"column":9},"end":{"line":46,"column":22}},"loc":{"start":{"line":46,"column":33},"end":{"line":48,"column":1}},"line":46},"4":{"name":"getVendorById","decl":{"start":{"line":51,"column":9},"end":{"line":51,"column":22}},"loc":{"start":{"line":51,"column":33},"end":{"line":59,"column":1}},"line":51},"5":{"name":"(anonymous_5)","decl":{"start":{"line":53,"column":37},"end":{"line":53,"column":38}},"loc":{"start":{"line":53,"column":42},"end":{"line":53,"column":53}},"line":53},"6":{"name":"updateVendor","decl":{"start":{"line":62,"column":9},"end":{"line":62,"column":21}},"loc":{"start":{"line":62,"column":32},"end":{"line":102,"column":1}},"line":62},"7":{"name":"(anonymous_7)","decl":{"start":{"line":66,"column":39},"end":{"line":66,"column":40}},"loc":{"start":{"line":66,"column":44},"end":{"line":66,"column":55}},"line":66},"8":{"name":"(anonymous_8)","decl":{"start":{"line":85,"column":47},"end":{"line":85,"column":48}},"loc":{"start":{"line":85,"column":52},"end":{"line":85,"column":84}},"line":85},"9":{"name":"(anonymous_9)","decl":{"start":{"line":89,"column":24},"end":{"line":89,"column":25}},"loc":{"start":{"line":89,"column":29},"end":{"line":89,"column":79}},"line":89},"10":{"name":"deleteVendor","decl":{"start":{"line":105,"column":9},"end":{"line":105,"column":21}},"loc":{"start":{"line":105,"column":32},"end":{"line":114,"column":1}},"line":105},"11":{"name":"(anonymous_11)","decl":{"start":{"line":107,"column":39},"end":{"line":107,"column":40}},"loc":{"start":{"line":107,"column":44},"end":{"line":107,"column":55}},"line":107}},"branchMap":{"0":{"loc":{"start":{"line":10,"column":4},"end":{"line":11,"column":119}},"type":"if","locations":[{"start":{"line":10,"column":4},"end":{"line":11,"column":119}},{"start":{},"end":{}}],"line":10},"1":{"loc":{"start":{"line":10,"column":8},"end":{"line":10,"column":81}},"type":"binary-expr","locations":[{"start":{"line":10,"column":8},"end":{"line":10,"column":13}},{"start":{"line":10,"column":17},"end":{"line":10,"column":23}},{"start":{"line":10,"column":27},"end":{"line":10,"column":36}},{"start":{"line":10,"column":40},"end":{"line":10,"column":62}},{"start":{"line":10,"column":66},"end":{"line":10,"column":81}}],"line":10},"2":{"loc":{"start":{"line":13,"column":4},"end":{"line":14,"column":74}},"type":"if","locations":[{"start":{"line":13,"column":4},"end":{"line":14,"column":74}},{"start":{},"end":{}}],"line":13},"3":{"loc":{"start":{"line":16,"column":4},"end":{"line":19,"column":11}},"type":"if","locations":[{"start":{"line":16,"column":4},"end":{"line":19,"column":11}},{"start":{},"end":{}}],"line":16},"4":{"loc":{"start":{"line":21,"column":4},"end":{"line":24,"column":11}},"type":"if","locations":[{"start":{"line":21,"column":4},"end":{"line":24,"column":11}},{"start":{},"end":{}}],"line":21},"5":{"loc":{"start":{"line":21,"column":8},"end":{"line":21,"column":57}},"type":"binary-expr","locations":[{"start":{"line":21,"column":8},"end":{"line":21,"column":23}},{"start":{"line":21,"column":27},"end":{"line":21,"column":39}},{"start":{"line":21,"column":43},"end":{"line":21,"column":57}}],"line":21},"6":{"loc":{"start":{"line":26,"column":4},"end":{"line":27,"column":80}},"type":"if","locations":[{"start":{"line":26,"column":4},"end":{"line":27,"column":80}},{"start":{},"end":{}}],"line":26},"7":{"loc":{"start":{"line":29,"column":4},"end":{"line":30,"column":93}},"type":"if","locations":[{"start":{"line":29,"column":4},"end":{"line":30,"column":93}},{"start":{},"end":{}}],"line":29},"8":{"loc":{"start":{"line":55,"column":4},"end":{"line":56,"column":75}},"type":"if","locations":[{"start":{"line":55,"column":4},"end":{"line":56,"column":75}},{"start":{},"end":{}}],"line":55},"9":{"loc":{"start":{"line":67,"column":4},"end":{"line":68,"column":75}},"type":"if","locations":[{"start":{"line":67,"column":4},"end":{"line":68,"column":75}},{"start":{},"end":{}}],"line":67},"10":{"loc":{"start":{"line":72,"column":4},"end":{"line":73,"column":74}},"type":"if","locations":[{"start":{"line":72,"column":4},"end":{"line":73,"column":74}},{"start":{},"end":{}}],"line":72},"11":{"loc":{"start":{"line":72,"column":8},"end":{"line":72,"column":54}},"type":"binary-expr","locations":[{"start":{"line":72,"column":8},"end":{"line":72,"column":27}},{"start":{"line":72,"column":31},"end":{"line":72,"column":54}}],"line":72},"12":{"loc":{"start":{"line":75,"column":4},"end":{"line":78,"column":11}},"type":"if","locations":[{"start":{"line":75,"column":4},"end":{"line":78,"column":11}},{"start":{},"end":{}}],"line":75},"13":{"loc":{"start":{"line":75,"column":8},"end":{"line":75,"column":60}},"type":"binary-expr","locations":[{"start":{"line":75,"column":8},"end":{"line":75,"column":30}},{"start":{"line":75,"column":34},"end":{"line":75,"column":60}}],"line":75},"14":{"loc":{"start":{"line":80,"column":4},"end":{"line":83,"column":11}},"type":"if","locations":[{"start":{"line":80,"column":4},"end":{"line":83,"column":11}},{"start":{},"end":{}}],"line":80},"15":{"loc":{"start":{"line":80,"column":8},"end":{"line":80,"column":85}},"type":"binary-expr","locations":[{"start":{"line":80,"column":8},"end":{"line":80,"column":30}},{"start":{"line":80,"column":35},"end":{"line":80,"column":50}},{"start":{"line":80,"column":54},"end":{"line":80,"column":66}},{"start":{"line":80,"column":70},"end":{"line":80,"column":84}}],"line":80},"16":{"loc":{"start":{"line":85,"column":4},"end":{"line":86,"column":98}},"type":"if","locations":[{"start":{"line":85,"column":4},"end":{"line":86,"column":98}},{"start":{},"end":{}}],"line":85},"17":{"loc":{"start":{"line":85,"column":8},"end":{"line":85,"column":85}},"type":"binary-expr","locations":[{"start":{"line":85,"column":8},"end":{"line":85,"column":27}},{"start":{"line":85,"column":31},"end":{"line":85,"column":85}}],"line":85},"18":{"loc":{"start":{"line":85,"column":52},"end":{"line":85,"column":84}},"type":"binary-expr","locations":[{"start":{"line":85,"column":52},"end":{"line":85,"column":69}},{"start":{"line":85,"column":73},"end":{"line":85,"column":84}}],"line":85},"19":{"loc":{"start":{"line":88,"column":4},"end":{"line":90,"column":93}},"type":"if","locations":[{"start":{"line":88,"column":4},"end":{"line":90,"column":93}},{"start":{},"end":{}}],"line":88},"20":{"loc":{"start":{"line":88,"column":8},"end":{"line":89,"column":80}},"type":"binary-expr","locations":[{"start":{"line":88,"column":8},"end":{"line":88,"column":36}},{"start":{"line":89,"column":8},"end":{"line":89,"column":80}}],"line":88},"21":{"loc":{"start":{"line":89,"column":29},"end":{"line":89,"column":79}},"type":"binary-expr","locations":[{"start":{"line":89,"column":29},"end":{"line":89,"column":64}},{"start":{"line":89,"column":68},"end":{"line":89,"column":79}}],"line":89},"22":{"loc":{"start":{"line":94,"column":14},"end":{"line":94,"column":35}},"type":"binary-expr","locations":[{"start":{"line":94,"column":14},"end":{"line":94,"column":18}},{"start":{"line":94,"column":22},"end":{"line":94,"column":35}}],"line":94},"23":{"loc":{"start":{"line":95,"column":15},"end":{"line":95,"column":38}},"type":"binary-expr","locations":[{"start":{"line":95,"column":15},"end":{"line":95,"column":20}},{"start":{"line":95,"column":24},"end":{"line":95,"column":38}}],"line":95},"24":{"loc":{"start":{"line":96,"column":18},"end":{"line":96,"column":47}},"type":"binary-expr","locations":[{"start":{"line":96,"column":18},"end":{"line":96,"column":26}},{"start":{"line":96,"column":30},"end":{"line":96,"column":47}}],"line":96},"25":{"loc":{"start":{"line":97,"column":18},"end":{"line":97,"column":47}},"type":"binary-expr","locations":[{"start":{"line":97,"column":18},"end":{"line":97,"column":26}},{"start":{"line":97,"column":30},"end":{"line":97,"column":47}}],"line":97},"26":{"loc":{"start":{"line":98,"column":24},"end":{"line":98,"column":65}},"type":"binary-expr","locations":[{"start":{"line":98,"column":24},"end":{"line":98,"column":38}},{"start":{"line":98,"column":42},"end":{"line":98,"column":65}}],"line":98},"27":{"loc":{"start":{"line":109,"column":4},"end":{"line":110,"column":75}},"type":"if","locations":[{"start":{"line":109,"column":4},"end":{"line":110,"column":75}},{"start":{},"end":{}}],"line":109}},"s":{"0":3,"1":3,"2":3,"3":19,"4":19,"5":4,"6":15,"7":1,"8":14,"9":2,"10":12,"11":1,"12":11,"13":17,"14":1,"15":10,"16":16,"17":1,"18":9,"19":9,"20":9,"21":3,"22":3,"23":3,"24":1,"25":3,"26":2,"27":1,"28":9,"29":9,"30":9,"31":18,"32":9,"33":1,"34":8,"35":8,"36":1,"37":7,"38":1,"39":6,"40":1,"41":5,"42":3,"43":1,"44":4,"45":6,"46":1,"47":3,"48":3,"49":5,"50":5,"51":7,"52":5,"53":1,"54":4,"55":4,"56":3},"f":{"0":19,"1":17,"2":16,"3":3,"4":3,"5":1,"6":9,"7":18,"8":3,"9":6,"10":5,"11":7},"b":{"0":[4,15],"1":[19,18,17,16,15],"2":[1,14],"3":[2,12],"4":[1,11],"5":[12,12,12],"6":[1,10],"7":[1,9],"8":[2,1],"9":[1,8],"10":[1,7],"11":[8,2],"12":[1,6],"13":[7,1],"14":[1,5],"15":[6,1,1,1],"16":[1,4],"17":[5,1],"18":[3,1],"19":[1,3],"20":[4,3],"21":[6,1],"22":[3,1],"23":[3,3],"24":[3,3],"25":[3,3],"26":[3,1],"27":[1,4]},"_coverageSchema":"1a1c01bbd47fc00a2c39e90264f33305004495a9","hash":"6a89785505ee8eceb16af368a5a85866872921e2"}
,"C:\\Users\\Mateo\\Desktop\\Trabajos Universidad\\Pruebas_De_Software\\PROYECTO\\Proyecto.PruebasU1\\Backend\\src\\routes\\auto.routes.js": {"path":"C:\\Users\\Mateo\\Desktop\\Trabajos Universidad\\Pruebas_De_Software\\PROYECTO\\Proyecto.PruebasU1\\Backend\\src\\routes\\auto.routes.js","statementMap":{"0":{"start":{"line":1,"column":16},"end":{"line":1,"column":34}},"1":{"start":{"line":2,"column":72},"end":{"line":2,"column":113}},"2":{"start":{"line":4,"column":15},"end":{"line":4,"column":31}},"3":{"start":{"line":7,"column":0},"end":{"line":7,"column":32}},"4":{"start":{"line":10,"column":0},"end":{"line":10,"column":32}},"5":{"start":{"line":13,"column":0},"end":{"line":13,"column":34}},"6":{"start":{"line":16,"column":0},"end":{"line":16,"column":37}},"7":{"start":{"line":18,"column":0},"end":{"line":18,"column":24}}},"fnMap":{},"branchMap":{},"s":{"0":3,"1":3,"2":3,"3":3,"4":3,"5":3,"6":3,"7":3},"f":{},"b":{},"_coverageSchema":"1a1c01bbd47fc00a2c39e90264f33305004495a9","hash":"6c59239b7018354b0287f7749b4082e31f26bd10"}
,"C:\\Users\\Mateo\\Desktop\\Trabajos Universidad\\Pruebas_De_Software\\PROYECTO\\Proyecto.PruebasU1\\Backend\\src\\routes\\cliente.routes.js": {"path":"C:\\Users\\Mateo\\Desktop\\Trabajos Universidad\\Pruebas_De_Software\\PROYECTO\\Proyecto.PruebasU1\\Backend\\src\\routes\\cliente.routes.js","statementMap":{"0":{"start":{"line":1,"column":16},"end":{"line":1,"column":34}},"1":{"start":{"line":2,"column":72},"end":{"line":2,"column":116}},"2":{"start":{"line":4,"column":15},"end":{"line":4,"column":31}},"3":{"start":{"line":7,"column":0},"end":{"line":7,"column":32}},"4":{"start":{"line":10,"column":0},"end":{"line":10,"column":32}},"5":{"start":{"line":13,"column":0},"end":{"line":13,"column":34}},"6":{"start":{"line":16,"column":0},"end":{"line":16,"column":37}},"7":{"start":{"line":18,"column":0},"end":{"line":18,"column":24}}},"fnMap":{},"branchMap":{},"s":{"0":3,"1":3,"2":3,"3":3,"4":3,"5":3,"6":3,"7":3},"f":{},"b":{},"_coverageSchema":"1a1c01bbd47fc00a2c39e90264f33305004495a9","hash":"711a919785adcc7a0ce1dbe3bc1d03fdba3bc246"}
,"C:\\Users\\Mateo\\Desktop\\Trabajos Universidad\\Pruebas_De_Software\\PROYECTO\\Proyecto.PruebasU1\\Backend\\src\\routes\\vendor.route.js": {"path":"C:\\Users\\Mateo\\Desktop\\Trabajos Universidad\\Pruebas_De_Software\\PROYECTO\\Proyecto.PruebasU1\\Backend\\src\\routes\\vendor.route.js","statementMap":{"0":{"start":{"line":1,"column":16},"end":{"line":1,"column":34}},"1":{"start":{"line":2,"column":25},"end":{"line":2,"column":68}},"2":{"start":{"line":4,"column":15},"end":{"line":4,"column":31}},"3":{"start":{"line":6,"column":0},"end":{"line":6,"column":48}},"4":{"start":{"line":7,"column":0},"end":{"line":7,"column":48}},"5":{"start":{"line":8,"column":0},"end":{"line":8,"column":51}},"6":{"start":{"line":9,"column":0},"end":{"line":9,"column":50}},"7":{"start":{"line":10,"column":0},"end":{"line":10,"column":53}},"8":{"start":{"line":12,"column":0},"end":{"line":12,"column":24}}},"fnMap":{},"branchMap":{},"s":{"0":3,"1":3,"2":3,"3":3,"4":3,"5":3,"6":3,"7":3,"8":3},"f":{},"b":{},"_coverageSchema":"1a1c01bbd47fc00a2c39e90264f33305004495a9","hash":"30bb59da40c48b3007740d7e8754b5caff3e3733"}
}
