TN:
SF:src\app.js
FN:10,(anonymous_0)
FN:30,(anonymous_1)
FN:37,(anonymous_2)
FNF:3
FNH:1
FNDA:66,(anonymous_0)
FNDA:0,(anonymous_1)
FNDA:0,(anonymous_2)
DA:1,3
DA:3,3
DA:4,3
DA:5,3
DA:7,3
DA:10,3
DA:11,66
DA:12,66
DA:13,66
DA:15,66
DA:16,66
DA:19,3
DA:22,3
DA:23,3
DA:24,3
DA:25,3
DA:26,3
DA:27,3
DA:30,3
DA:31,0
DA:35,3
DA:36,0
DA:37,0
DA:38,0
DA:42,3
LF:25
LH:21
BRDA:15,0,0,0
BRDA:15,0,1,66
BRDA:35,1,0,0
BRDA:35,1,1,3
BRDA:36,2,0,0
BRDA:36,2,1,0
BRF:6
BRH:2
end_of_record
TN:
SF:src\controllers\auto.controller.js
FN:15,getAllPatients
FN:20,addnewPatient
FN:46,updatePatient
FN:50,(anonymous_3)
FN:63,deletePatient
FN:66,(anonymous_5)
FNF:6
FNH:6
FNDA:1,getAllPatients
FNDA:4,addnewPatient
FNDA:1,updatePatient
FNDA:2,(anonymous_3)
FNDA:1,deletePatient
FNDA:3,(anonymous_5)
DA:12,3
DA:16,1
DA:21,4
DA:24,4
DA:25,1
DA:29,3
DA:39,3
DA:42,3
DA:47,1
DA:48,1
DA:50,2
DA:51,1
DA:53,1
DA:54,1
DA:55,1
DA:56,1
DA:57,1
DA:59,1
DA:64,1
DA:66,3
DA:67,1
DA:69,0
DA:71,0
DA:74,3
LF:24
LH:22
BRDA:24,0,0,1
BRDA:24,0,1,3
BRDA:24,1,0,4
BRDA:24,1,1,4
BRDA:24,1,2,3
BRDA:24,1,3,3
BRDA:24,1,4,3
BRDA:51,2,0,0
BRDA:51,2,1,1
BRDA:53,3,0,0
BRDA:53,3,1,1
BRDA:54,4,0,0
BRDA:54,4,1,1
BRDA:55,5,0,0
BRDA:55,5,1,1
BRDA:56,6,0,1
BRDA:56,6,1,0
BRDA:57,7,0,0
BRDA:57,7,1,1
BRDA:67,8,0,1
BRDA:67,8,1,0
BRF:21
BRH:14
end_of_record
TN:
SF:src\controllers\cliente.controller.js
FN:3,getAllClientes
FN:7,addNewCliente
FN:39,updateCliente
FN:42,(anonymous_3)
FN:52,deleteCliente
FN:54,(anonymous_5)
FNF:6
FNH:6
FNDA:2,getAllClientes
FNDA:10,addNewCliente
FNDA:6,updateCliente
FNDA:22,(anonymous_3)
FNDA:2,deleteCliente
FNDA:5,(anonymous_5)
DA:1,3
DA:4,2
DA:8,10
DA:11,10
DA:12,1
DA:16,9
DA:18,1
DA:22,8
DA:23,8
DA:24,1
DA:27,7
DA:35,7
DA:36,7
DA:40,6
DA:41,6
DA:42,22
DA:43,6
DA:44,5
DA:45,5
DA:46,5
DA:47,5
DA:48,5
DA:49,5
DA:53,2
DA:54,5
DA:55,2
DA:56,1
DA:57,1
DA:60,3
LF:29
LH:29
BRDA:11,0,0,1
BRDA:11,0,1,9
BRDA:11,1,0,10
BRDA:11,1,1,10
BRDA:11,1,2,9
BRDA:11,1,3,9
BRDA:11,1,4,9
BRDA:16,2,0,1
BRDA:16,2,1,8
BRDA:16,3,0,9
BRDA:16,3,1,8
BRDA:16,3,2,8
BRDA:16,3,3,8
BRDA:16,3,4,8
BRDA:23,4,0,1
BRDA:23,4,1,7
BRDA:43,5,0,1
BRDA:43,5,1,5
BRDA:44,6,0,1
BRDA:44,6,1,4
BRDA:45,7,0,2
BRDA:45,7,1,3
BRDA:46,8,0,1
BRDA:46,8,1,4
BRDA:47,9,0,1
BRDA:47,9,1,4
BRDA:48,10,0,2
BRDA:48,10,1,3
BRDA:55,11,0,1
BRDA:55,11,1,1
BRF:30
BRH:30
end_of_record
TN:
SF:src\controllers\vendor.controller.js
FN:7,createVendor
FN:26,(anonymous_1)
FN:29,(anonymous_2)
FN:46,getAllVendors
FN:51,getVendorById
FN:53,(anonymous_5)
FN:62,updateVendor
FN:66,(anonymous_7)
FN:85,(anonymous_8)
FN:89,(anonymous_9)
FN:105,deleteVendor
FN:107,(anonymous_11)
FNF:12
FNH:12
FNDA:19,createVendor
FNDA:17,(anonymous_1)
FNDA:16,(anonymous_2)
FNDA:3,getAllVendors
FNDA:3,getVendorById
FNDA:1,(anonymous_5)
FNDA:9,updateVendor
FNDA:18,(anonymous_7)
FNDA:3,(anonymous_8)
FNDA:6,(anonymous_9)
FNDA:5,deleteVendor
FNDA:7,(anonymous_11)
DA:1,3
DA:3,3
DA:4,3
DA:8,19
DA:10,19
DA:11,4
DA:13,15
DA:14,1
DA:16,14
DA:17,2
DA:21,12
DA:22,1
DA:26,17
DA:27,1
DA:29,16
DA:30,1
DA:32,9
DA:41,9
DA:42,9
DA:47,3
DA:52,3
DA:53,3
DA:55,3
DA:56,2
DA:58,1
DA:63,9
DA:64,9
DA:66,18
DA:67,9
DA:68,1
DA:70,8
DA:72,8
DA:73,1
DA:75,7
DA:76,1
DA:80,6
DA:81,1
DA:85,5
DA:86,1
DA:88,4
DA:89,6
DA:90,1
DA:92,3
DA:101,3
DA:106,5
DA:107,7
DA:109,5
DA:110,1
DA:112,4
DA:113,4
DA:116,3
LF:51
LH:51
BRDA:10,0,0,4
BRDA:10,0,1,15
BRDA:10,1,0,19
BRDA:10,1,1,18
BRDA:10,1,2,17
BRDA:10,1,3,16
BRDA:10,1,4,15
BRDA:13,2,0,1
BRDA:13,2,1,14
BRDA:16,3,0,2
BRDA:16,3,1,12
BRDA:21,4,0,1
BRDA:21,4,1,11
BRDA:21,5,0,12
BRDA:21,5,1,12
BRDA:21,5,2,12
BRDA:26,6,0,1
BRDA:26,6,1,10
BRDA:29,7,0,1
BRDA:29,7,1,9
BRDA:55,8,0,2
BRDA:55,8,1,1
BRDA:67,9,0,1
BRDA:67,9,1,8
BRDA:72,10,0,1
BRDA:72,10,1,7
BRDA:72,11,0,8
BRDA:72,11,1,2
BRDA:75,12,0,1
BRDA:75,12,1,6
BRDA:75,13,0,7
BRDA:75,13,1,1
BRDA:80,14,0,1
BRDA:80,14,1,5
BRDA:80,15,0,6
BRDA:80,15,1,1
BRDA:80,15,2,1
BRDA:80,15,3,1
BRDA:85,16,0,1
BRDA:85,16,1,4
BRDA:85,17,0,5
BRDA:85,17,1,1
BRDA:85,18,0,3
BRDA:85,18,1,1
BRDA:88,19,0,1
BRDA:88,19,1,3
BRDA:88,20,0,4
BRDA:88,20,1,3
BRDA:89,21,0,6
BRDA:89,21,1,1
BRDA:94,22,0,3
BRDA:94,22,1,1
BRDA:95,23,0,3
BRDA:95,23,1,3
BRDA:96,24,0,3
BRDA:96,24,1,3
BRDA:97,25,0,3
BRDA:97,25,1,3
BRDA:98,26,0,3
BRDA:98,26,1,1
BRDA:109,27,0,1
BRDA:109,27,1,4
BRF:62
BRH:62
end_of_record
TN:
SF:src\routes\auto.routes.js
FNF:0
FNH:0
DA:1,3
DA:2,3
DA:4,3
DA:7,3
DA:10,3
DA:13,3
DA:16,3
DA:18,3
LF:8
LH:8
BRF:0
BRH:0
end_of_record
TN:
SF:src\routes\cliente.routes.js
FNF:0
FNH:0
DA:1,3
DA:2,3
DA:4,3
DA:7,3
DA:10,3
DA:13,3
DA:16,3
DA:18,3
LF:8
LH:8
BRF:0
BRH:0
end_of_record
TN:
SF:src\routes\vendor.route.js
FNF:0
FNH:0
DA:1,3
DA:2,3
DA:4,3
DA:6,3
DA:7,3
DA:8,3
DA:9,3
DA:10,3
DA:12,3
LF:9
LH:9
BRF:0
BRH:0
end_of_record
