TN:
SF:src\config\database.js
FN:4,(anonymous_0)
FN:8,(anonymous_1)
FN:18,(anonymous_2)
FN:27,(anonymous_3)
FNF:4
FNH:4
FNDA:6,(anonymous_0)
FNDA:12,(anonymous_1)
FNDA:6,(anonymous_2)
FNDA:1,(anonymous_3)
DA:1,6
DA:5,6
DA:9,12
DA:10,12
DA:14,0
DA:19,6
DA:20,6
DA:28,1
DA:32,6
LF:9
LH:8
BRDA:5,0,0,6
BRDA:5,0,1,6
BRDA:5,0,2,6
BRF:3
BRH:3
end_of_record
TN:
SF:src\controllers\auth.controller.js
FN:6,generateToken
FN:15,validateUser
FN:24,login
FN:49,getProfile
FN:67,createDefaultAdmin
FNF:5
FNH:5
FNDA:12,generateToken
FNDA:15,validateUser
FNDA:17,login
FNDA:1,getProfile
FNDA:6,createDefaultAdmin
DA:1,6
DA:2,6
DA:3,6
DA:7,12
DA:16,15
DA:17,15
DA:19,13
DA:20,13
DA:25,17
DA:26,17
DA:28,17
DA:29,2
DA:32,15
DA:33,15
DA:34,3
DA:37,12
DA:38,12
DA:44,0
DA:50,1
DA:51,1
DA:52,1
DA:53,0
DA:56,1
DA:62,0
DA:68,6
DA:69,6
DA:70,6
DA:71,1
DA:76,1
DA:80,0
DA:85,6
LF:31
LH:27
BRDA:17,0,0,2
BRDA:17,0,1,13
BRDA:20,1,0,12
BRDA:20,1,1,1
BRDA:28,2,0,2
BRDA:28,2,1,15
BRDA:28,3,0,17
BRDA:28,3,1,16
BRDA:33,4,0,3
BRDA:33,4,1,12
BRDA:52,5,0,0
BRDA:52,5,1,1
BRDA:70,6,0,1
BRDA:70,6,1,5
BRF:14
BRH:13
end_of_record
TN:
SF:src\controllers\auto.controller.js
FN:3,getAllAutos
FN:12,getAutoById
FN:27,handleAutoValidationError
FN:29,(anonymous_3)
FN:38,addNewAuto
FN:52,handleUpdateError
FN:60,updateAuto
FN:77,deleteAuto
FNF:8
FNH:8
FNDA:5,getAllAutos
FNDA:2,getAutoById
FNDA:3,handleAutoValidationError
FNDA:2,(anonymous_3)
FNDA:14,addNewAuto
FNDA:6,handleUpdateError
FNDA:6,updateAuto
FNDA:2,deleteAuto
DA:1,6
DA:4,5
DA:5,5
DA:6,5
DA:8,0
DA:13,2
DA:14,2
DA:15,2
DA:16,0
DA:17,0
DA:19,2
DA:20,2
DA:22,0
DA:28,3
DA:29,2
DA:30,2
DA:32,1
DA:33,1
DA:35,0
DA:39,14
DA:40,14
DA:42,14
DA:43,14
DA:44,11
DA:46,3
DA:47,0
DA:53,6
DA:54,6
DA:56,0
DA:57,0
DA:61,6
DA:62,6
DA:63,6
DA:65,6
DA:69,0
DA:70,0
DA:72,6
DA:73,0
DA:78,2
DA:79,2
DA:80,2
DA:82,0
DA:84,0
DA:89,2
DA:90,2
DA:92,0
DA:107,6
LF:47
LH:33
BRDA:16,0,0,0
BRDA:16,0,1,0
BRDA:19,1,0,2
BRDA:19,1,1,0
BRDA:28,2,0,2
BRDA:28,2,1,1
BRDA:32,3,0,1
BRDA:32,3,1,0
BRDA:46,4,0,3
BRDA:46,4,1,0
BRDA:53,5,0,6
BRDA:53,5,1,0
BRDA:56,6,0,0
BRDA:56,6,1,0
BRDA:69,7,0,0
BRDA:69,7,1,0
BRDA:72,8,0,6
BRDA:72,8,1,0
BRDA:82,9,0,0
BRDA:82,9,1,0
BRDA:89,10,0,2
BRDA:89,10,1,0
BRF:22
BRH:8
end_of_record
TN:
SF:src\controllers\cliente.controller.js
FN:3,getAllClientes
FN:12,getClienteById
FN:27,handleClienteValidationError
FN:29,(anonymous_3)
FN:38,addNewCliente
FN:51,handleClienteUpdateError
FN:59,updateCliente
FN:76,deleteCliente
FNF:8
FNH:8
FNDA:2,getAllClientes
FNDA:4,getClienteById
FNDA:10,handleClienteValidationError
FNDA:12,(anonymous_3)
FNDA:36,addNewCliente
FNDA:16,handleClienteUpdateError
FNDA:16,updateCliente
FNDA:4,deleteCliente
DA:1,6
DA:4,2
DA:5,2
DA:6,2
DA:8,0
DA:13,4
DA:14,4
DA:15,4
DA:16,0
DA:17,0
DA:19,4
DA:20,4
DA:22,0
DA:28,10
DA:29,12
DA:30,6
DA:32,4
DA:33,4
DA:35,0
DA:39,36
DA:40,36
DA:41,36
DA:42,36
DA:43,26
DA:45,10
DA:46,0
DA:52,16
DA:53,16
DA:55,0
DA:56,0
DA:60,16
DA:61,16
DA:62,16
DA:64,16
DA:68,0
DA:69,0
DA:71,16
DA:72,0
DA:77,4
DA:78,4
DA:79,4
DA:81,0
DA:83,0
DA:85,4
DA:86,4
DA:88,0
DA:103,6
LF:47
LH:33
BRDA:16,0,0,0
BRDA:16,0,1,0
BRDA:19,1,0,4
BRDA:19,1,1,0
BRDA:28,2,0,6
BRDA:28,2,1,4
BRDA:32,3,0,4
BRDA:32,3,1,0
BRDA:45,4,0,10
BRDA:45,4,1,0
BRDA:52,5,0,16
BRDA:52,5,1,0
BRDA:55,6,0,0
BRDA:55,6,1,0
BRDA:68,7,0,0
BRDA:68,7,1,0
BRDA:71,8,0,16
BRDA:71,8,1,0
BRDA:81,9,0,0
BRDA:81,9,1,0
BRDA:85,10,0,4
BRDA:85,10,1,0
BRF:22
BRH:8
end_of_record
TN:
SF:src\controllers\concesionaria.controller.js
FN:4,getAllConcesionarias
FN:14,validateConcesionariaName
FN:23,addNewConcesionaria
FN:37,(anonymous_3)
FN:45,handleConcesionariaUpdateError
FN:50,(anonymous_5)
FN:57,updateConcesionaria
FN:82,deleteConcesionaria
FNF:8
FNH:7
FNDA:2,getAllConcesionarias
FNDA:38,validateConcesionariaName
FNDA:32,addNewConcesionaria
FNDA:10,(anonymous_3)
FNDA:16,handleConcesionariaUpdateError
FNDA:0,(anonymous_5)
FNDA:16,updateConcesionaria
FNDA:4,deleteConcesionaria
DA:1,6
DA:5,2
DA:6,2
DA:7,2
DA:9,0
DA:15,38
DA:16,38
DA:18,38
DA:19,32
DA:24,32
DA:25,32
DA:27,32
DA:28,32
DA:29,4
DA:32,28
DA:33,28
DA:34,24
DA:36,4
DA:37,10
DA:38,4
DA:40,0
DA:46,16
DA:47,16
DA:49,0
DA:50,0
DA:51,0
DA:53,0
DA:58,16
DA:59,16
DA:60,16
DA:62,16
DA:63,6
DA:64,0
DA:65,0
DA:69,10
DA:73,0
DA:74,0
DA:76,16
DA:77,0
DA:83,4
DA:84,4
DA:85,4
DA:87,0
DA:89,0
DA:91,4
DA:92,4
DA:94,0
DA:109,6
LF:48
LH:34
BRDA:14,0,0,32
BRDA:16,1,0,6
BRDA:16,1,1,32
BRDA:28,2,0,4
BRDA:28,2,1,28
BRDA:36,3,0,4
BRDA:36,3,1,0
BRDA:46,4,0,16
BRDA:46,4,1,0
BRDA:49,5,0,0
BRDA:49,5,1,0
BRDA:62,6,0,6
BRDA:62,6,1,10
BRDA:64,7,0,0
BRDA:64,7,1,0
BRDA:73,8,0,0
BRDA:73,8,1,0
BRDA:76,9,0,16
BRDA:76,9,1,0
BRDA:87,10,0,0
BRDA:87,10,1,0
BRDA:91,11,0,4
BRDA:91,11,1,0
BRF:23
BRH:11
end_of_record
TN:
SF:src\controllers\vendor.controller.js
FN:4,handleVendorValidationError
FN:6,(anonymous_1)
FN:18,createVendor
FN:31,getAllVendors
FN:41,getVendorById
FN:59,handleVendorUpdateError
FN:64,(anonymous_6)
FN:76,updateVendor
FN:94,deleteVendor
FNF:9
FNH:8
FNDA:20,handleVendorValidationError
FNDA:16,(anonymous_1)
FNDA:38,createVendor
FNDA:6,getAllVendors
FNDA:6,getVendorById
FNDA:18,handleVendorUpdateError
FNDA:0,(anonymous_6)
FNDA:18,updateVendor
FNDA:4,deleteVendor
DA:1,6
DA:5,20
DA:6,16
DA:7,16
DA:9,4
DA:10,4
DA:11,4
DA:12,4
DA:14,0
DA:19,38
DA:20,38
DA:21,38
DA:22,38
DA:23,18
DA:25,20
DA:26,0
DA:32,6
DA:33,6
DA:34,6
DA:36,0
DA:42,6
DA:43,6
DA:44,6
DA:46,0
DA:47,0
DA:49,0
DA:51,6
DA:52,6
DA:54,0
DA:60,18
DA:61,18
DA:63,0
DA:64,0
DA:65,0
DA:67,0
DA:68,0
DA:69,0
DA:70,0
DA:72,0
DA:77,18
DA:78,18
DA:79,18
DA:81,18
DA:85,0
DA:86,0
DA:88,18
DA:89,0
DA:95,4
DA:96,4
DA:97,4
DA:99,0
DA:100,0
DA:102,0
DA:104,4
DA:105,4
DA:106,4
DA:108,0
DA:123,6
LF:58
LH:36
BRDA:5,0,0,16
BRDA:5,0,1,4
BRDA:9,1,0,4
BRDA:9,1,1,0
BRDA:11,2,0,2
BRDA:11,2,1,2
BRDA:25,3,0,20
BRDA:25,3,1,0
BRDA:46,4,0,0
BRDA:46,4,1,0
BRDA:51,5,0,6
BRDA:51,5,1,0
BRDA:60,6,0,18
BRDA:60,6,1,0
BRDA:63,7,0,0
BRDA:63,7,1,0
BRDA:67,8,0,0
BRDA:67,8,1,0
BRDA:69,9,0,0
BRDA:69,9,1,0
BRDA:85,10,0,0
BRDA:85,10,1,0
BRDA:88,11,0,18
BRDA:88,11,1,0
BRDA:99,12,0,0
BRDA:99,12,1,0
BRDA:105,13,0,4
BRDA:105,13,1,0
BRF:28
BRH:10
end_of_record
TN:
SF:src\middleware\authMiddleware.js
FN:7,authMiddleware
FNF:1
FNH:1
FNDA:239,authMiddleware
DA:1,6
DA:8,239
DA:9,239
DA:11,236
DA:12,236
DA:13,218
DA:14,218
DA:15,218
DA:17,18
DA:21,6
LF:10
LH:10
BRDA:9,0,0,3
BRDA:9,0,1,236
BRF:2
BRH:2
end_of_record
TN:
SF:src\models\Auto.js
FNF:0
FNH:0
DA:1,6
DA:3,6
DA:40,6
LF:3
LH:3
BRF:0
BRH:0
end_of_record
TN:
SF:src\models\Cliente.js
FNF:0
FNH:0
DA:1,6
DA:3,6
DA:40,6
LF:3
LH:3
BRF:0
BRH:0
end_of_record
TN:
SF:src\models\Concesionaria.js
FNF:0
FNH:0
DA:1,6
DA:3,6
DA:38,6
LF:3
LH:3
BRF:0
BRH:0
end_of_record
TN:
SF:src\models\Usuario.js
FN:29,(anonymous_0)
FN:36,(anonymous_1)
FNF:2
FNH:2
FNDA:1,(anonymous_0)
FNDA:13,(anonymous_1)
DA:1,6
DA:2,6
DA:4,6
DA:29,6
DA:30,1
DA:31,1
DA:32,1
DA:36,6
DA:37,13
DA:40,6
LF:10
LH:10
BRDA:30,0,0,0
BRDA:30,0,1,1
BRF:2
BRH:1
end_of_record
TN:
SF:src\models\Vendedor.js
FNF:0
FNH:0
DA:1,6
DA:3,6
DA:42,6
LF:3
LH:3
BRF:0
BRH:0
end_of_record
TN:
SF:src\models\index.js
FNF:0
FNH:0
DA:2,6
DA:3,6
DA:4,6
DA:5,6
DA:6,6
DA:8,6
LF:6
LH:6
BRF:0
BRH:0
end_of_record
TN:
SF:src\routes\auth.routes.js
FNF:0
FNH:0
DA:1,6
DA:2,6
DA:3,6
DA:5,6
DA:8,6
DA:11,6
DA:13,6
LF:7
LH:7
BRF:0
BRH:0
end_of_record
TN:
SF:src\routes\auto.routes.js
FNF:0
FNH:0
DA:1,6
DA:2,6
DA:4,6
DA:7,6
DA:10,6
DA:13,6
DA:16,6
DA:19,6
DA:21,6
LF:9
LH:9
BRF:0
BRH:0
end_of_record
TN:
SF:src\routes\cliente.routes.js
FNF:0
FNH:0
DA:1,6
DA:2,6
DA:4,6
DA:7,6
DA:10,6
DA:13,6
DA:16,6
DA:19,6
DA:21,6
LF:9
LH:9
BRF:0
BRH:0
end_of_record
TN:
SF:src\routes\concesionaria.routes.js
FNF:0
FNH:0
DA:1,6
DA:7,6
DA:9,6
DA:12,6
DA:15,6
DA:18,6
DA:21,6
DA:23,6
LF:8
LH:8
BRF:0
BRH:0
end_of_record
TN:
SF:src\routes\vendor.route.js
FNF:0
FNH:0
DA:1,6
DA:2,6
DA:4,6
DA:6,6
DA:7,6
DA:8,6
DA:9,6
DA:10,6
DA:12,6
LF:9
LH:9
BRF:0
BRH:0
end_of_record
