
> laboratorio1@0.0.0 test
> ng test

[33mΓ¥»[39m Building...
[32mΓ£ö[39m Building...
[1mInitial chunk files[22m                   [2m | [22m[1mNames[22m                              [2m | [22m [1mRaw size[22m
[32mchunk-ASGJIWO5.js[39m                     [2m | [22m[2m-[22m                                  [2m | [22m  [36m2.27 MB[39m[2m | [22m
[32mpolyfills.js[39m                          [2m | [22m[2mpolyfills[22m                          [2m | [22m  [36m1.04 MB[39m[2m | [22m
[32mspec-app.spec.js[39m                      [2m | [22m[2mspec-app.spec[22m                      [2m | [22m[36m258.42 kB[39m[2m | [22m
[32mspec-cliente-manager.component.spec.js[39m[2m | [22m[2mspec-cliente-manager.component.spec[22m[2m | [22m[36m249.56 kB[39m[2m | [22m
[32mchunk-CD3S3HZV.js[39m                     [2m | [22m[2m-[22m                                  [2m | [22m[36m197.60 kB[39m[2m | [22m
[32mchunk-X62D4FGM.js[39m                     [2m | [22m[2m-[22m                                  [2m | [22m [36m96.31 kB[39m[2m | [22m
[32mjasmine-cleanup-1.js[39m                  [2m | [22m[2mjasmine-cleanup-1[22m                  [2m | [22m [36m67.20 kB[39m[2m | [22m
[32mchunk-KIJ3CHDJ.js[39m                     [2m | [22m[2m-[22m                                  [2m | [22m [36m43.45 kB[39m[2m | [22m
[32mtest_main.js[39m                          [2m | [22m[2mtest_main[22m                          [2m | [22m [36m21.90 kB[39m[2m | [22m
[32mchunk-IANP7P37.js[39m                     [2m | [22m[2m-[22m                                  [2m | [22m [36m11.16 kB[39m[2m | [22m
[32mspec-vendedor.service.spec.js[39m         [2m | [22m[2mspec-vendedor.service.spec[22m         [2m | [22m  [36m9.17 kB[39m[2m | [22m
[32mspec-vendor.service.spec.js[39m           [2m | [22m[2mspec-vendor.service.spec[22m           [2m | [22m  [36m5.01 kB[39m[2m | [22m
[32mspec-cliente.service.spec.js[39m          [2m | [22m[2mspec-cliente.service.spec[22m          [2m | [22m  [36m4.44 kB[39m[2m | [22m
[32mspec-auto.service.spec.js[39m             [2m | [22m[2mspec-auto.service.spec[22m             [2m | [22m  [36m4.07 kB[39m[2m | [22m
[32mspec-auth.service.spec.js[39m             [2m | [22m[2mspec-auth.service.spec[22m             [2m | [22m  [36m3.08 kB[39m[2m | [22m
[32mchunk-TTULUY32.js[39m                     [2m | [22m[2m-[22m                                  [2m | [22m  [36m1.99 kB[39m[2m | [22m
[32mchunk-SG3JUXCH.js[39m                     [2m | [22m[2m-[22m                                  [2m | [22m  [36m1.84 kB[39m[2m | [22m
[32mchunk-5LVQ6JZI.js[39m                     [2m | [22m[2m-[22m                                  [2m | [22m[36m936 bytes[39m[2m | [22m
[32mjasmine-cleanup-0.js[39m                  [2m | [22m[2mjasmine-cleanup-0[22m                  [2m | [22m[36m519 bytes[39m[2m | [22m
[32mstyles.css[39m                            [2m | [22m[2mstyles[22m                             [2m | [22m [36m95 bytes[39m[2m | [22m

[1m [22m                                     [2m | [22m[1mInitial total[22m                      [2m | [22m  [1m4.28 MB[22m

Application bundle generation complete. [2.244 seconds] - 2025-12-23T18:18:59.754Z

Watch mode enabled. Watching for file changes...
[33m23 12 2025 13:19:00.055:WARN [karma]: [39mNo captured browser, open http://localhost:9876/
[32m23 12 2025 13:19:00.096:INFO [karma-server]: [39mKarma v6.4.4 server started at http://localhost:9876/
[32m23 12 2025 13:19:00.097:INFO [launcher]: [39mLaunching browsers Chrome with concurrency unlimited
[32m23 12 2025 13:19:00.117:INFO [launcher]: [39mStarting browser Chrome
[32m23 12 2025 13:19:01.481:INFO [Chrome 143.0.0.0 (Windows 10)]: [39mConnected on socket lSK_E-4noI32x2goAAAB with id 78770121
Chrome 143.0.0.0 (Windows 10): Executed 0 of 68[32m SUCCESS[39m (0 secs / 0 secs)
[1A[2K[31mChrome 143.0.0.0 (Windows 10) App should create the app FAILED[39m
	╔╡NotFound: NG0201: No provider found for `_HttpClient`. Source: Standalone[App2]. Path: AuthService2 -> _HttpClient. Find more at https://v20.angular.dev/errors/NG0201
	error properties: Object({ code: -201, ngErrorCode: -201, ngErrorMessage: 'No provider found for `_HttpClient`.', ngTokenPath: [ 'AuthService2', '_HttpClient' ] })
	╔╡NotFound: NG0201: No provider found for `_HttpClient`. Source: Standalone[App2]. Path: AuthService2 -> _HttpClient. Find more at https://v20.angular.dev/errors/NG0201
	    at createRuntimeError (node_modules/@angular/core/fesm2022/root_effect_scheduler.mjs:924:19)
	    at NullInjector.get (node_modules/@angular/core/fesm2022/root_effect_scheduler.mjs:1494:27)
	    at R3Injector.get (node_modules/@angular/core/fesm2022/root_effect_scheduler.mjs:2052:33)
	    at R3Injector.get (node_modules/@angular/core/fesm2022/root_effect_scheduler.mjs:2052:33)
	    at R3Injector.retrieve (node_modules/@angular/core/fesm2022/root_effect_scheduler.mjs:1936:25)
	    at injectInjectorOnly (node_modules/@angular/core/fesm2022/root_effect_scheduler.mjs:1049:39)
	    at ╔╡╔╡inject (node_modules/@angular/core/fesm2022/root_effect_scheduler.mjs:1061:42)
	    at Object.AuthService2_Factory [as factory] (ng:///AuthService2/╔╡fac.js:4:56)
	    at node_modules/@angular/core/fesm2022/root_effect_scheduler.mjs:2194:47
	    at runInInjectorProfilerContext (node_modules/@angular/core/fesm2022/root_effect_scheduler.mjs:749:9)
Chrome 143.0.0.0 (Windows 10): Executed 1 of 68[31m (1 FAILED)[39m (0 secs / 0.315 secs)
[1A[2K[31mChrome 143.0.0.0 (Windows 10) App should render title FAILED[39m
	╔╡NotFound: NG0201: No provider found for `_HttpClient`. Source: Standalone[App2]. Path: AuthService2 -> _HttpClient. Find more at https://v20.angular.dev/errors/NG0201
	error properties: Object({ code: -201, ngErrorCode: -201, ngErrorMessage: 'No provider found for `_HttpClient`.', ngTokenPath: [ 'AuthService2', '_HttpClient' ] })
	╔╡NotFound: NG0201: No provider found for `_HttpClient`. Source: Standalone[App2]. Path: AuthService2 -> _HttpClient. Find more at https://v20.angular.dev/errors/NG0201
	    at createRuntimeError (node_modules/@angular/core/fesm2022/root_effect_scheduler.mjs:924:19)
	    at NullInjector.get (node_modules/@angular/core/fesm2022/root_effect_scheduler.mjs:1494:27)
	    at R3Injector.get (node_modules/@angular/core/fesm2022/root_effect_scheduler.mjs:2052:33)
	    at R3Injector.get (node_modules/@angular/core/fesm2022/root_effect_scheduler.mjs:2052:33)
	    at R3Injector.retrieve (node_modules/@angular/core/fesm2022/root_effect_scheduler.mjs:1936:25)
	    at injectInjectorOnly (node_modules/@angular/core/fesm2022/root_effect_scheduler.mjs:1049:39)
	    at ╔╡╔╡inject (node_modules/@angular/core/fesm2022/root_effect_scheduler.mjs:1061:42)
	    at Object.AuthService2_Factory [as factory] (ng:///AuthService2/╔╡fac.js:4:56)
	    at node_modules/@angular/core/fesm2022/root_effect_scheduler.mjs:2194:47
	    at runInInjectorProfilerContext (node_modules/@angular/core/fesm2022/root_effect_scheduler.mjs:749:9)
Chrome 143.0.0.0 (Windows 10): Executed 2 of 68[31m (2 FAILED)[39m (0 secs / 0.318 secs)
[1A[2KChrome 143.0.0.0 (Windows 10): Executed 3 of 68[31m (2 FAILED)[39m (0 secs / 0.323 secs)
[1A[2KChrome 143.0.0.0 (Windows 10): Executed 4 of 68[31m (2 FAILED)[39m (0 secs / 0.325 secs)
[1A[2KChrome 143.0.0.0 (Windows 10): Executed 5 of 68[31m (2 FAILED)[39m (0 secs / 0.327 secs)
[1A[2KChrome 143.0.0.0 (Windows 10): Executed 6 of 68[31m (2 FAILED)[39m (0 secs / 0.329 secs)
[1A[2KChrome 143.0.0.0 (Windows 10): Executed 7 of 68[31m (2 FAILED)[39m (0 secs / 0.331 secs)
[1A[2KChrome 143.0.0.0 (Windows 10): Executed 8 of 68[31m (2 FAILED)[39m (0 secs / 0.333 secs)
[1A[2KChrome 143.0.0.0 (Windows 10): Executed 9 of 68[31m (2 FAILED)[39m (0 secs / 0.335 secs)
[1A[2KChrome 143.0.0.0 (Windows 10): Executed 10 of 68[31m (2 FAILED)[39m (0 secs / 0.336 secs)
[1A[2KChrome 143.0.0.0 (Windows 10): Executed 11 of 68[31m (2 FAILED)[39m (0 secs / 0.337 secs)
[1A[2KChrome 143.0.0.0 (Windows 10): Executed 12 of 68[31m (2 FAILED)[39m (0 secs / 0.339 secs)
[1A[2KChrome 143.0.0.0 (Windows 10): Executed 13 of 68[31m (2 FAILED)[39m (0 secs / 0.34 secs)
[1A[2KChrome 143.0.0.0 (Windows 10): Executed 14 of 68[31m (2 FAILED)[39m (0 secs / 0.341 secs)
[1A[2KChrome 143.0.0.0 (Windows 10): Executed 15 of 68[31m (2 FAILED)[39m (0 secs / 0.342 secs)
[1A[2KChrome 143.0.0.0 (Windows 10): Executed 16 of 68[31m (2 FAILED)[39m (0 secs / 0.343 secs)
[1A[2KChrome 143.0.0.0 (Windows 10): Executed 17 of 68[31m (2 FAILED)[39m (0 secs / 0.344 secs)
[1A[2KChrome 143.0.0.0 (Windows 10): Executed 18 of 68[31m (2 FAILED)[39m (0 secs / 0.346 secs)
[1A[2KChrome 143.0.0.0 (Windows 10): Executed 19 of 68[31m (2 FAILED)[39m (0 secs / 0.347 secs)
[1A[2KChrome 143.0.0.0 (Windows 10): Executed 20 of 68[31m (2 FAILED)[39m (0 secs / 0.348 secs)
[1A[2KChrome 143.0.0.0 (Windows 10): Executed 21 of 68[31m (2 FAILED)[39m (0 secs / 0.348 secs)
[1A[2KChrome 143.0.0.0 (Windows 10): Executed 22 of 68[31m (2 FAILED)[39m (0 secs / 0.349 secs)
[1A[2KChrome 143.0.0.0 (Windows 10): Executed 23 of 68[31m (2 FAILED)[39m (0 secs / 0.35 secs)
[1A[2KChrome 143.0.0.0 (Windows 10): Executed 24 of 68[31m (2 FAILED)[39m (0 secs / 0.351 secs)
[1A[2KChrome 143.0.0.0 (Windows 10): Executed 25 of 68[31m (2 FAILED)[39m (0 secs / 0.351 secs)
[1A[2KChrome 143.0.0.0 (Windows 10): Executed 26 of 68[31m (2 FAILED)[39m (0 secs / 0.351 secs)
[1A[2KChrome 143.0.0.0 (Windows 10): Executed 27 of 68[31m (2 FAILED)[39m (0 secs / 0.351 secs)
[1A[2KChrome 143.0.0.0 (Windows 10): Executed 28 of 68[31m (2 FAILED)[39m (0 secs / 0.351 secs)
[1A[2KChrome 143.0.0.0 (Windows 10): Executed 29 of 68[31m (2 FAILED)[39m (0 secs / 0.351 secs)
[1A[2KChrome 143.0.0.0 (Windows 10): Executed 30 of 68[31m (2 FAILED)[39m (0 secs / 0.351 secs)
[1A[2KChrome 143.0.0.0 (Windows 10): Executed 31 of 68[31m (2 FAILED)[39m (0 secs / 0.351 secs)
[1A[2KChrome 143.0.0.0 (Windows 10): Executed 32 of 68[31m (2 FAILED)[39m (0 secs / 0.352 secs)
[1A[2KChrome 143.0.0.0 (Windows 10): Executed 33 of 68[31m (2 FAILED)[39m (0 secs / 0.352 secs)
[1A[2KChrome 143.0.0.0 (Windows 10): Executed 34 of 68[31m (2 FAILED)[39m (0 secs / 0.352 secs)
[1A[2KChrome 143.0.0.0 (Windows 10): Executed 35 of 68[31m (2 FAILED)[39m (0 secs / 0.352 secs)
[1A[2KChrome 143.0.0.0 (Windows 10): Executed 36 of 68[31m (2 FAILED)[39m (0 secs / 0.352 secs)
[1A[2KChrome 143.0.0.0 (Windows 10): Executed 37 of 68[31m (2 FAILED)[39m (0 secs / 0.352 secs)
[1A[2KChrome 143.0.0.0 (Windows 10): Executed 38 of 68[31m (2 FAILED)[39m (0 secs / 0.352 secs)
[1A[2KChrome 143.0.0.0 (Windows 10): Executed 39 of 68[31m (2 FAILED)[39m (0 secs / 0.352 secs)
[1A[2KChrome 143.0.0.0 (Windows 10): Executed 40 of 68[31m (2 FAILED)[39m (0 secs / 0.352 secs)
[1A[2KChrome 143.0.0.0 (Windows 10): Executed 41 of 68[31m (2 FAILED)[39m (0 secs / 0.352 secs)
[1A[2KChrome 143.0.0.0 (Windows 10): Executed 42 of 68[31m (2 FAILED)[39m (0 secs / 0.352 secs)
[1A[2KChrome 143.0.0.0 (Windows 10): Executed 43 of 68[31m (2 FAILED)[39m (0 secs / 0.352 secs)
[1A[2KChrome 143.0.0.0 (Windows 10): Executed 44 of 68[31m (2 FAILED)[39m (0 secs / 0.353 secs)
[1A[2KChrome 143.0.0.0 (Windows 10): Executed 45 of 68[31m (2 FAILED)[39m (0 secs / 0.353 secs)
[1A[2KChrome 143.0.0.0 (Windows 10): Executed 46 of 68[31m (2 FAILED)[39m (0 secs / 0.354 secs)
[1A[2KChrome 143.0.0.0 (Windows 10): Executed 47 of 68[31m (2 FAILED)[39m (0 secs / 0.354 secs)
[1A[2KChrome 143.0.0.0 (Windows 10): Executed 48 of 68[31m (2 FAILED)[39m (0 secs / 0.356 secs)
[1A[2KChrome 143.0.0.0 (Windows 10): Executed 49 of 68[31m (2 FAILED)[39m (0 secs / 0.357 secs)
[1A[2KChrome 143.0.0.0 (Windows 10): Executed 50 of 68[31m (2 FAILED)[39m (0 secs / 0.358 secs)
[1A[2KChrome 143.0.0.0 (Windows 10): Executed 51 of 68[31m (2 FAILED)[39m (0 secs / 0.359 secs)
[1A[2KChrome 143.0.0.0 (Windows 10): Executed 52 of 68[31m (2 FAILED)[39m (0 secs / 0.361 secs)
[1A[2KChrome 143.0.0.0 (Windows 10): Executed 53 of 68[31m (2 FAILED)[39m (0 secs / 0.362 secs)
[1A[2KChrome 143.0.0.0 (Windows 10): Executed 54 of 68[31m (2 FAILED)[39m (0 secs / 0.364 secs)
[1A[2KChrome 143.0.0.0 (Windows 10): Executed 55 of 68[31m (2 FAILED)[39m (0 secs / 0.376 secs)
[1A[2KChrome 143.0.0.0 (Windows 10): Executed 56 of 68[31m (2 FAILED)[39m (0 secs / 0.377 secs)
[1A[2KChrome 143.0.0.0 (Windows 10): Executed 57 of 68[31m (2 FAILED)[39m (0 secs / 0.409 secs)
[1A[2KChrome 143.0.0.0 (Windows 10): Executed 58 of 68[31m (2 FAILED)[39m (0 secs / 0.415 secs)
[1A[2KChrome 143.0.0.0 (Windows 10): Executed 59 of 68[31m (2 FAILED)[39m (0 secs / 0.421 secs)
[1A[2KChrome 143.0.0.0 (Windows 10): Executed 60 of 68[31m (2 FAILED)[39m (0 secs / 0.428 secs)
[1A[2KChrome 143.0.0.0 (Windows 10): Executed 61 of 68[31m (2 FAILED)[39m (0 secs / 0.434 secs)
[1A[2KChrome 143.0.0.0 (Windows 10): Executed 62 of 68[31m (2 FAILED)[39m (0 secs / 0.44 secs)
[1A[2KChrome 143.0.0.0 (Windows 10): Executed 63 of 68[31m (2 FAILED)[39m (0 secs / 0.459 secs)
[1A[2KChrome 143.0.0.0 (Windows 10): Executed 64 of 68[31m (2 FAILED)[39m (0 secs / 0.465 secs)
[1A[2KChrome 143.0.0.0 (Windows 10): Executed 65 of 68[31m (2 FAILED)[39m (0 secs / 0.472 secs)
[1A[2KChrome 143.0.0.0 (Windows 10): Executed 66 of 68[31m (2 FAILED)[39m (0 secs / 0.478 secs)
[1A[2KChrome 143.0.0.0 (Windows 10): Executed 67 of 68[31m (2 FAILED)[39m (0 secs / 0.483 secs)
[1A[2KChrome 143.0.0.0 (Windows 10): Executed 68 of 68[31m (2 FAILED)[39m (0 secs / 0.488 secs)
[1A[2KChrome 143.0.0.0 (Windows 10): Executed 68 of 68[31m (2 FAILED)[39m (0.537 secs / 0.488 secs)
[31mTOTAL: 2 FAILED, 66 SUCCESS[39m
[1A[2K[31mChrome 143.0.0.0 (Windows 10) ERROR[39m
  Some of your tests did a full page reload!
Chrome 143.0.0.0 (Windows 10): Executed 68 of 68[31m (2 FAILED)[39m (0.537 secs / 0.488 secs)
Chrome 143.0.0.0 (Windows 10) ERROR
  Some of your tests did a full page reload!
[33mΓ¥»[39m Changes detected. Rebuilding...
[32mΓ£ö[39m Changes detected. Rebuilding...
[1mInitial chunk files[22m                   [2m | [22m[1mNames[22m                              [2m | [22m [1mRaw size[22m
[32mchunk-H3KBRXWJ.js[39m                     [2m | [22m[2m-[22m                                  [2m | [22m  [36m2.27 MB[39m[2m | [22m
[32mspec-app.spec.js[39m                      [2m | [22m[2mspec-app.spec[22m                      [2m | [22m[36m259.89 kB[39m[2m | [22m
[32mspec-cliente-manager.component.spec.js[39m[2m | [22m[2mspec-cliente-manager.component.spec[22m[2m | [22m[36m249.56 kB[39m[2m | [22m
[32mchunk-MGLCZJAX.js[39m                     [2m | [22m[2m-[22m                                  [2m | [22m[36m197.60 kB[39m[2m | [22m
[32mchunk-J66GVLLX.js[39m                     [2m | [22m[2m-[22m                                  [2m | [22m [36m96.31 kB[39m[2m | [22m
[32mchunk-P3ZQIA2L.js[39m                     [2m | [22m[2m-[22m                                  [2m | [22m [36m43.45 kB[39m[2m | [22m
[32mtest_main.js[39m                          [2m | [22m[2mtest_main[22m                          [2m | [22m [36m21.90 kB[39m[2m | [22m
[32mchunk-QJHQZUO7.js[39m                     [2m | [22m[2m-[22m                                  [2m | [22m [36m12.24 kB[39m[2m | [22m
[32mspec-vendedor.service.spec.js[39m         [2m | [22m[2mspec-vendedor.service.spec[22m         [2m | [22m  [36m9.22 kB[39m[2m | [22m
[32mspec-vendor.service.spec.js[39m           [2m | [22m[2mspec-vendor.service.spec[22m           [2m | [22m  [36m5.01 kB[39m[2m | [22m
[32mspec-cliente.service.spec.js[39m          [2m | [22m[2mspec-cliente.service.spec[22m          [2m | [22m  [36m4.49 kB[39m[2m | [22m
[32mspec-auto.service.spec.js[39m             [2m | [22m[2mspec-auto.service.spec[22m             [2m | [22m  [36m4.07 kB[39m[2m | [22m
[32mspec-auth.service.spec.js[39m             [2m | [22m[2mspec-auth.service.spec[22m             [2m | [22m  [36m3.08 kB[39m[2m | [22m
[32mchunk-PNRSBHEP.js[39m                     [2m | [22m[2m-[22m                                  [2m | [22m  [36m1.84 kB[39m[2m | [22m

Application bundle generation complete. [0.475 seconds] - 2025-12-23T18:19:33.215Z

Chrome 143.0.0.0 (Windows 10): Executed 0 of 68[32m SUCCESS[39m (0 secs / 0 secs)
[1A[2KChrome 143.0.0.0 (Windows 10): Executed 1 of 68[32m SUCCESS[39m (0 secs / 0.058 secs)
[1A[2KChrome 143.0.0.0 (Windows 10): Executed 2 of 68[32m SUCCESS[39m (0 secs / 0.065 secs)
[1A[2KChrome 143.0.0.0 (Windows 10): Executed 3 of 68[32m SUCCESS[39m (0 secs / 0.072 secs)
[1A[2KChrome 143.0.0.0 (Windows 10): Executed 4 of 68[32m SUCCESS[39m (0 secs / 0.077 secs)
[1A[2KChrome 143.0.0.0 (Windows 10): Executed 5 of 68[32m SUCCESS[39m (0 secs / 0.083 secs)
[1A[2KChrome 143.0.0.0 (Windows 10): Executed 6 of 68[32m SUCCESS[39m (0 secs / 0.088 secs)
[1A[2KChrome 143.0.0.0 (Windows 10): Executed 7 of 68[32m SUCCESS[39m (0 secs / 0.093 secs)
[1A[2KChrome 143.0.0.0 (Windows 10): Executed 8 of 68[32m SUCCESS[39m (0 secs / 0.098 secs)
[1A[2KChrome 143.0.0.0 (Windows 10): Executed 9 of 68[32m SUCCESS[39m (0 secs / 0.103 secs)
[1A[2KChrome 143.0.0.0 (Windows 10): Executed 10 of 68[32m SUCCESS[39m (0 secs / 0.108 secs)
[1A[2KChrome 143.0.0.0 (Windows 10): Executed 11 of 68[32m SUCCESS[39m (0 secs / 0.113 secs)
[1A[2KChrome 143.0.0.0 (Windows 10): Executed 12 of 68[32m SUCCESS[39m (0 secs / 0.117 secs)
[1A[2KChrome 143.0.0.0 (Windows 10): Executed 13 of 68[32m SUCCESS[39m (0 secs / 0.118 secs)
[1A[2KChrome 143.0.0.0 (Windows 10): Executed 14 of 68[32m SUCCESS[39m (0 secs / 0.119 secs)
[1A[2KChrome 143.0.0.0 (Windows 10): Executed 15 of 68[32m SUCCESS[39m (0 secs / 0.132 secs)
[1A[2KChrome 143.0.0.0 (Windows 10): Executed 16 of 68[32m SUCCESS[39m (0 secs / 0.133 secs)
[1A[2KChrome 143.0.0.0 (Windows 10): Executed 17 of 68[32m SUCCESS[39m (0 secs / 0.134 secs)
[1A[2KChrome 143.0.0.0 (Windows 10): Executed 18 of 68[32m SUCCESS[39m (0 secs / 0.135 secs)
[1A[2KChrome 143.0.0.0 (Windows 10): Executed 19 of 68[32m SUCCESS[39m (0 secs / 0.136 secs)
[1A[2KChrome 143.0.0.0 (Windows 10): Executed 20 of 68[32m SUCCESS[39m (0 secs / 0.138 secs)
[1A[2KChrome 143.0.0.0 (Windows 10): Executed 21 of 68[32m SUCCESS[39m (0 secs / 0.14 secs)
[1A[2KChrome 143.0.0.0 (Windows 10): Executed 22 of 68[32m SUCCESS[39m (0 secs / 0.142 secs)
[1A[2KChrome 143.0.0.0 (Windows 10): Executed 23 of 68[32m SUCCESS[39m (0 secs / 0.143 secs)
[1A[2KChrome 143.0.0.0 (Windows 10): Executed 24 of 68[32m SUCCESS[39m (0 secs / 0.143 secs)
[1A[2KChrome 143.0.0.0 (Windows 10): Executed 25 of 68[32m SUCCESS[39m (0 secs / 0.144 secs)
[1A[2KChrome 143.0.0.0 (Windows 10): Executed 26 of 68[32m SUCCESS[39m (0 secs / 0.144 secs)
[1A[2KChrome 143.0.0.0 (Windows 10): Executed 27 of 68[32m SUCCESS[39m (0 secs / 0.144 secs)
[1A[2KChrome 143.0.0.0 (Windows 10): Executed 28 of 68[32m SUCCESS[39m (0 secs / 0.144 secs)
[1A[2KChrome 143.0.0.0 (Windows 10): Executed 29 of 68[32m SUCCESS[39m (0 secs / 0.145 secs)
[1A[2KChrome 143.0.0.0 (Windows 10): Executed 30 of 68[32m SUCCESS[39m (0 secs / 0.145 secs)
[1A[2KChrome 143.0.0.0 (Windows 10): Executed 31 of 68[32m SUCCESS[39m (0 secs / 0.145 secs)
[1A[2KChrome 143.0.0.0 (Windows 10): Executed 32 of 68[32m SUCCESS[39m (0 secs / 0.145 secs)
[1A[2KChrome 143.0.0.0 (Windows 10): Executed 33 of 68[32m SUCCESS[39m (0 secs / 0.145 secs)
[1A[2K[31mChrome 143.0.0.0 (Windows 10) App should render title FAILED[39m
	Expected undefined to contain 'Laboratiorio1!'.
	    at <Jasmine>
	    at src/app/app.spec.ts:31:55
	    at Generator.next (<anonymous>)
	    at fulfilled (chunk-TTULUY32.js:35:24)
	    at _ZoneDelegate.invoke (node_modules/zone.js/fesm2015/zone.js:398:28)
Chrome 143.0.0.0 (Windows 10): Executed 34 of 68[31m (1 FAILED)[39m (0 secs / 0.155 secs)
[1A[2KChrome 143.0.0.0 (Windows 10): Executed 35 of 68[31m (1 FAILED)[39m (0 secs / 0.157 secs)
[1A[2KChrome 143.0.0.0 (Windows 10): Executed 36 of 68[31m (1 FAILED)[39m (0 secs / 0.157 secs)
[1A[2KChrome 143.0.0.0 (Windows 10): Executed 37 of 68[31m (1 FAILED)[39m (0 secs / 0.158 secs)
[1A[2KChrome 143.0.0.0 (Windows 10): Executed 38 of 68[31m (1 FAILED)[39m (0 secs / 0.158 secs)
[1A[2KChrome 143.0.0.0 (Windows 10): Executed 39 of 68[31m (1 FAILED)[39m (0 secs / 0.158 secs)
[1A[2KChrome 143.0.0.0 (Windows 10): Executed 40 of 68[31m (1 FAILED)[39m (0 secs / 0.158 secs)
[1A[2KChrome 143.0.0.0 (Windows 10): Executed 41 of 68[31m (1 FAILED)[39m (0 secs / 0.159 secs)
[1A[2KChrome 143.0.0.0 (Windows 10): Executed 42 of 68[31m (1 FAILED)[39m (0 secs / 0.159 secs)
[1A[2KChrome 143.0.0.0 (Windows 10): Executed 43 of 68[31m (1 FAILED)[39m (0 secs / 0.16 secs)
[1A[2KChrome 143.0.0.0 (Windows 10): Executed 44 of 68[31m (1 FAILED)[39m (0 secs / 0.16 secs)
[1A[2KChrome 143.0.0.0 (Windows 10): Executed 45 of 68[31m (1 FAILED)[39m (0 secs / 0.16 secs)
[1A[2KChrome 143.0.0.0 (Windows 10): Executed 46 of 68[31m (1 FAILED)[39m (0 secs / 0.16 secs)
[1A[2KChrome 143.0.0.0 (Windows 10): Executed 47 of 68[31m (1 FAILED)[39m (0 secs / 0.162 secs)
[1A[2KChrome 143.0.0.0 (Windows 10): Executed 48 of 68[31m (1 FAILED)[39m (0 secs / 0.164 secs)
[1A[2KChrome 143.0.0.0 (Windows 10): Executed 49 of 68[31m (1 FAILED)[39m (0 secs / 0.165 secs)
[1A[2KChrome 143.0.0.0 (Windows 10): Executed 50 of 68[31m (1 FAILED)[39m (0 secs / 0.166 secs)
[1A[2KChrome 143.0.0.0 (Windows 10): Executed 51 of 68[31m (1 FAILED)[39m (0 secs / 0.168 secs)
[1A[2KChrome 143.0.0.0 (Windows 10): Executed 52 of 68[31m (1 FAILED)[39m (0 secs / 0.169 secs)
[1A[2KChrome 143.0.0.0 (Windows 10): Executed 53 of 68[31m (1 FAILED)[39m (0 secs / 0.171 secs)
[1A[2KChrome 143.0.0.0 (Windows 10): Executed 54 of 68[31m (1 FAILED)[39m (0 secs / 0.173 secs)
[1A[2KChrome 143.0.0.0 (Windows 10): Executed 55 of 68[31m (1 FAILED)[39m (0 secs / 0.174 secs)
[1A[2KChrome 143.0.0.0 (Windows 10): Executed 56 of 68[31m (1 FAILED)[39m (0 secs / 0.176 secs)
[1A[2KChrome 143.0.0.0 (Windows 10): Executed 57 of 68[31m (1 FAILED)[39m (0 secs / 0.178 secs)
[1A[2KChrome 143.0.0.0 (Windows 10): Executed 58 of 68[31m (1 FAILED)[39m (0 secs / 0.179 secs)
[1A[2KChrome 143.0.0.0 (Windows 10): Executed 59 of 68[31m (1 FAILED)[39m (0 secs / 0.18 secs)
[1A[2KChrome 143.0.0.0 (Windows 10): Executed 60 of 68[31m (1 FAILED)[39m (0 secs / 0.181 secs)
[1A[2KChrome 143.0.0.0 (Windows 10): Executed 61 of 68[31m (1 FAILED)[39m (0 secs / 0.182 secs)
[1A[2KChrome 143.0.0.0 (Windows 10): Executed 62 of 68[31m (1 FAILED)[39m (0 secs / 0.183 secs)
[1A[2KChrome 143.0.0.0 (Windows 10): Executed 63 of 68[31m (1 FAILED)[39m (0 secs / 0.185 secs)
[1A[2KChrome 143.0.0.0 (Windows 10): Executed 64 of 68[31m (1 FAILED)[39m (0 secs / 0.186 secs)
[1A[2KChrome 143.0.0.0 (Windows 10): Executed 65 of 68[31m (1 FAILED)[39m (0 secs / 0.188 secs)
[1A[2KChrome 143.0.0.0 (Windows 10): Executed 66 of 68[31m (1 FAILED)[39m (0 secs / 0.189 secs)
[1A[2KChrome 143.0.0.0 (Windows 10): Executed 67 of 68[31m (1 FAILED)[39m (0 secs / 0.19 secs)
[1A[2KChrome 143.0.0.0 (Windows 10): Executed 68 of 68[31m (1 FAILED)[39m (0 secs / 0.192 secs)
[1A[2KChrome 143.0.0.0 (Windows 10): Executed 68 of 68[31m (1 FAILED)[39m (0.234 secs / 0.192 secs)
[31mTOTAL: 1 FAILED, 67 SUCCESS[39m
[33mΓ¥»[39m Changes detected. Rebuilding...
[32mΓ£ö[39m Changes detected. Rebuilding...
[1mInitial chunk files[22m[2m | [22m[1mNames[22m        [2m | [22m [1mRaw size[22m
[32mspec-app.spec.js[39m   [2m | [22m[2mspec-app.spec[22m[2m | [22m[36m259.55 kB[39m[2m | [22m

Application bundle generation complete. [0.450 seconds] - 2025-12-23T18:20:22.064Z

Chrome 143.0.0.0 (Windows 10): Executed 0 of 67[32m SUCCESS[39m (0 secs / 0 secs)
[1A[2KChrome 143.0.0.0 (Windows 10): Executed 1 of 67[32m SUCCESS[39m (0 secs / 0.047 secs)
[1A[2KChrome 143.0.0.0 (Windows 10): Executed 2 of 67[32m SUCCESS[39m (0 secs / 0.054 secs)
[1A[2KChrome 143.0.0.0 (Windows 10): Executed 3 of 67[32m SUCCESS[39m (0 secs / 0.06 secs)
[1A[2KChrome 143.0.0.0 (Windows 10): Executed 4 of 67[32m SUCCESS[39m (0 secs / 0.065 secs)
[1A[2KChrome 143.0.0.0 (Windows 10): Executed 5 of 67[32m SUCCESS[39m (0 secs / 0.071 secs)
[1A[2KChrome 143.0.0.0 (Windows 10): Executed 6 of 67[32m SUCCESS[39m (0 secs / 0.077 secs)
[1A[2KChrome 143.0.0.0 (Windows 10): Executed 7 of 67[32m SUCCESS[39m (0 secs / 0.083 secs)
[1A[2KChrome 143.0.0.0 (Windows 10): Executed 8 of 67[32m SUCCESS[39m (0 secs / 0.088 secs)
[1A[2KChrome 143.0.0.0 (Windows 10): Executed 9 of 67[32m SUCCESS[39m (0 secs / 0.094 secs)
[1A[2KChrome 143.0.0.0 (Windows 10): Executed 10 of 67[32m SUCCESS[39m (0 secs / 0.101 secs)
[1A[2KChrome 143.0.0.0 (Windows 10): Executed 11 of 67[32m SUCCESS[39m (0 secs / 0.106 secs)
[1A[2KChrome 143.0.0.0 (Windows 10): Executed 12 of 67[32m SUCCESS[39m (0 secs / 0.111 secs)
[1A[2KChrome 143.0.0.0 (Windows 10): Executed 13 of 67[32m SUCCESS[39m (0 secs / 0.111 secs)
[1A[2KChrome 143.0.0.0 (Windows 10): Executed 14 of 67[32m SUCCESS[39m (0 secs / 0.112 secs)
[1A[2KChrome 143.0.0.0 (Windows 10): Executed 15 of 67[32m SUCCESS[39m (0 secs / 0.112 secs)
[1A[2KChrome 143.0.0.0 (Windows 10): Executed 16 of 67[32m SUCCESS[39m (0 secs / 0.112 secs)
[1A[2KChrome 143.0.0.0 (Windows 10): Executed 17 of 67[32m SUCCESS[39m (0 secs / 0.112 secs)
[1A[2KChrome 143.0.0.0 (Windows 10): Executed 18 of 67[32m SUCCESS[39m (0 secs / 0.112 secs)
[1A[2KChrome 143.0.0.0 (Windows 10): Executed 19 of 67[32m SUCCESS[39m (0 secs / 0.112 secs)
[1A[2KChrome 143.0.0.0 (Windows 10): Executed 20 of 67[32m SUCCESS[39m (0 secs / 0.112 secs)
[1A[2KChrome 143.0.0.0 (Windows 10): Executed 21 of 67[32m SUCCESS[39m (0 secs / 0.112 secs)
[1A[2KChrome 143.0.0.0 (Windows 10): Executed 22 of 67[32m SUCCESS[39m (0 secs / 0.112 secs)
[1A[2KChrome 143.0.0.0 (Windows 10): Executed 23 of 67[32m SUCCESS[39m (0 secs / 0.112 secs)
[1A[2KChrome 143.0.0.0 (Windows 10): Executed 24 of 67[32m SUCCESS[39m (0 secs / 0.113 secs)
[1A[2KChrome 143.0.0.0 (Windows 10): Executed 25 of 67[32m SUCCESS[39m (0 secs / 0.114 secs)
[1A[2KChrome 143.0.0.0 (Windows 10): Executed 26 of 67[32m SUCCESS[39m (0 secs / 0.115 secs)
[1A[2KChrome 143.0.0.0 (Windows 10): Executed 27 of 67[32m SUCCESS[39m (0 secs / 0.116 secs)
[1A[2KChrome 143.0.0.0 (Windows 10): Executed 28 of 67[32m SUCCESS[39m (0 secs / 0.117 secs)
[1A[2KChrome 143.0.0.0 (Windows 10): Executed 29 of 67[32m SUCCESS[39m (0 secs / 0.118 secs)
[1A[2KChrome 143.0.0.0 (Windows 10): Executed 30 of 67[32m SUCCESS[39m (0 secs / 0.119 secs)
[1A[2KChrome 143.0.0.0 (Windows 10): Executed 31 of 67[32m SUCCESS[39m (0 secs / 0.12 secs)
[1A[2KChrome 143.0.0.0 (Windows 10): Executed 32 of 67[32m SUCCESS[39m (0 secs / 0.139 secs)
[1A[2KChrome 143.0.0.0 (Windows 10): Executed 33 of 67[32m SUCCESS[39m (0 secs / 0.15 secs)
[1A[2KChrome 143.0.0.0 (Windows 10): Executed 34 of 67[32m SUCCESS[39m (0 secs / 0.15 secs)
[1A[2KChrome 143.0.0.0 (Windows 10): Executed 35 of 67[32m SUCCESS[39m (0 secs / 0.15 secs)
[1A[2KChrome 143.0.0.0 (Windows 10): Executed 36 of 67[32m SUCCESS[39m (0 secs / 0.15 secs)
[1A[2KChrome 143.0.0.0 (Windows 10): Executed 37 of 67[32m SUCCESS[39m (0 secs / 0.15 secs)
[1A[2KChrome 143.0.0.0 (Windows 10): Executed 38 of 67[32m SUCCESS[39m (0 secs / 0.15 secs)
[1A[2KChrome 143.0.0.0 (Windows 10): Executed 39 of 67[32m SUCCESS[39m (0 secs / 0.15 secs)
[1A[2KChrome 143.0.0.0 (Windows 10): Executed 40 of 67[32m SUCCESS[39m (0 secs / 0.151 secs)
[1A[2KChrome 143.0.0.0 (Windows 10): Executed 41 of 67[32m SUCCESS[39m (0 secs / 0.151 secs)
[1A[2KChrome 143.0.0.0 (Windows 10): Executed 42 of 67[32m SUCCESS[39m (0 secs / 0.151 secs)
[1A[2KChrome 143.0.0.0 (Windows 10): Executed 43 of 67[32m SUCCESS[39m (0 secs / 0.151 secs)
[1A[2KChrome 143.0.0.0 (Windows 10): Executed 44 of 67[32m SUCCESS[39m (0 secs / 0.151 secs)
[1A[2KChrome 143.0.0.0 (Windows 10): Executed 45 of 67[32m SUCCESS[39m (0 secs / 0.152 secs)
[1A[2KChrome 143.0.0.0 (Windows 10): Executed 46 of 67[32m SUCCESS[39m (0 secs / 0.155 secs)
[1A[2KChrome 143.0.0.0 (Windows 10): Executed 47 of 67[32m SUCCESS[39m (0 secs / 0.157 secs)
[1A[2KChrome 143.0.0.0 (Windows 10): Executed 48 of 67[32m SUCCESS[39m (0 secs / 0.159 secs)
[1A[2KChrome 143.0.0.0 (Windows 10): Executed 49 of 67[32m SUCCESS[39m (0 secs / 0.161 secs)
[1A[2KChrome 143.0.0.0 (Windows 10): Executed 50 of 67[32m SUCCESS[39m (0 secs / 0.163 secs)
[1A[2KChrome 143.0.0.0 (Windows 10): Executed 51 of 67[32m SUCCESS[39m (0 secs / 0.165 secs)
[1A[2KChrome 143.0.0.0 (Windows 10): Executed 52 of 67[32m SUCCESS[39m (0 secs / 0.166 secs)
[1A[2KChrome 143.0.0.0 (Windows 10): Executed 53 of 67[32m SUCCESS[39m (0 secs / 0.168 secs)
[1A[2KChrome 143.0.0.0 (Windows 10): Executed 54 of 67[32m SUCCESS[39m (0 secs / 0.17 secs)
[1A[2KChrome 143.0.0.0 (Windows 10): Executed 55 of 67[32m SUCCESS[39m (0 secs / 0.172 secs)
[1A[2KChrome 143.0.0.0 (Windows 10): Executed 56 of 67[32m SUCCESS[39m (0 secs / 0.173 secs)
[1A[2KChrome 143.0.0.0 (Windows 10): Executed 57 of 67[32m SUCCESS[39m (0 secs / 0.174 secs)
[1A[2KChrome 143.0.0.0 (Windows 10): Executed 58 of 67[32m SUCCESS[39m (0 secs / 0.177 secs)
[1A[2KChrome 143.0.0.0 (Windows 10): Executed 59 of 67[32m SUCCESS[39m (0 secs / 0.18 secs)
[1A[2KChrome 143.0.0.0 (Windows 10): Executed 60 of 67[32m SUCCESS[39m (0 secs / 0.182 secs)
[1A[2KChrome 143.0.0.0 (Windows 10): Executed 61 of 67[32m SUCCESS[39m (0 secs / 0.184 secs)
[1A[2KChrome 143.0.0.0 (Windows 10): Executed 62 of 67[32m SUCCESS[39m (0 secs / 0.185 secs)
[1A[2KChrome 143.0.0.0 (Windows 10): Executed 63 of 67[32m SUCCESS[39m (0 secs / 0.186 secs)
[1A[2KChrome 143.0.0.0 (Windows 10): Executed 64 of 67[32m SUCCESS[39m (0 secs / 0.188 secs)
[1A[2KChrome 143.0.0.0 (Windows 10): Executed 65 of 67[32m SUCCESS[39m (0 secs / 0.189 secs)
[1A[2KChrome 143.0.0.0 (Windows 10): Executed 66 of 67[32m SUCCESS[39m (0 secs / 0.19 secs)
[1A[2KChrome 143.0.0.0 (Windows 10): Executed 67 of 67[32m SUCCESS[39m (0 secs / 0.191 secs)
[1A[2KChrome 143.0.0.0 (Windows 10): Executed 67 of 67[32m SUCCESS[39m (0.223 secs / 0.191 secs)
[32mTOTAL: 67 SUCCESS[39m
[1A[2K[31mChrome 143.0.0.0 (Windows 10) ERROR[39m
  Some of your tests did a full page reload!
Chrome 143.0.0.0 (Windows 10): Executed 67 of 67[32m SUCCESS[39m (0.223 secs / 0.191 secs)
Chrome 143.0.0.0 (Windows 10) ERROR
  Some of your tests did a full page reload!
[33m23 12 2025 13:21:24.073:WARN [Chrome 143.0.0.0 (Windows 10)]: [39mDisconnected (0 times) Client disconnected from CONNECTED state (transport close)
[1A[2K[31mChrome 143.0.0.0 (Windows 10) ERROR[39m
  Disconnected Client disconnected from CONNECTED state (transport close)
Chrome 143.0.0.0 (Windows 10): Executed 67 of 67[32m SUCCESS[39m (0.223 secs / 0.191 secs)
Chrome 143.0.0.0 (Windows 10) ERROR
  Disconnected Client disconnected from CONNECTED state (transport close)
[91m23 12 2025 13:21:24.297:ERROR [launcher]: [39mChrome crashed.
	[20752:5640:1223/131904.556:ERROR:components\device_event_log\device_event_log_impl.cc:198] [13:19:04.556] USB: usb_service_win.cc:105 SetupDiGetDeviceProperty({{A45C254E-DF1C-4EFD-8020-67D146A850E0}, 6}) failed: Element not found. (0x490)
[20752:7268:1223/131906.523:ERROR:google_apis\gcm\engine\registration_request.cc:292] Registration response error message: PHONE_REGISTRATION_ERROR
[20752:7268:1223/131906.523:ERROR:google_apis\gcm\engine\registration_request.cc:292] Registration response error message: PHONE_REGISTRATION_ERROR
[20752:7268:1223/131906.530:ERROR:google_apis\gcm\engine\registration_request.cc:292] Registration response error message: PHONE_REGISTRATION_ERROR
[20752:7268:1223/131906.672:ERROR:google_apis\gcm\engine\mcs_client.cc:700]   Error code: 401  Error message: Authentication Failed: wrong_secret
[20752:7268:1223/131906.672:ERROR:google_apis\gcm\engine\mcs_client.cc:702] Failed to log in to GCM, resetting connection.
Created TensorFlow Lite XNNPACK delegate for CPU.
[20752:7268:1223/131929.492:ERROR:google_apis\gcm\engine\registration_request.cc:292] Registration response error message: DEPRECATED_ENDPOINT
[20752:7268:1223/132010.091:ERROR:google_apis\gcm\engine\registration_request.cc:292] Registration response error message: DEPRECATED_ENDPOINT

[91m23 12 2025 13:21:24.297:ERROR [launcher]: [39mChrome stdout: 
[91m23 12 2025 13:21:24.298:ERROR [launcher]: [39mChrome stderr: [20752:5640:1223/131904.556:ERROR:components\device_event_log\device_event_log_impl.cc:198] [13:19:04.556] USB: usb_service_win.cc:105 SetupDiGetDeviceProperty({{A45C254E-DF1C-4EFD-8020-67D146A850E0}, 6}) failed: Element not found. (0x490)
[20752:7268:1223/131906.523:ERROR:google_apis\gcm\engine\registration_request.cc:292] Registration response error message: PHONE_REGISTRATION_ERROR
[20752:7268:1223/131906.523:ERROR:google_apis\gcm\engine\registration_request.cc:292] Registration response error message: PHONE_REGISTRATION_ERROR
[20752:7268:1223/131906.530:ERROR:google_apis\gcm\engine\registration_request.cc:292] Registration response error message: PHONE_REGISTRATION_ERROR
[20752:7268:1223/131906.672:ERROR:google_apis\gcm\engine\mcs_client.cc:700]   Error code: 401  Error message: Authentication Failed: wrong_secret
[20752:7268:1223/131906.672:ERROR:google_apis\gcm\engine\mcs_client.cc:702] Failed to log in to GCM, resetting connection.
Created TensorFlow Lite XNNPACK delegate for CPU.
[20752:7268:1223/131929.492:ERROR:google_apis\gcm\engine\registration_request.cc:292] Registration response error message: DEPRECATED_ENDPOINT
[20752:7268:1223/132010.091:ERROR:google_apis\gcm\engine\registration_request.cc:292] Registration response error message: DEPRECATED_ENDPOINT

[32m23 12 2025 13:21:24.439:INFO [launcher]: [39mTrying to start Chrome again (1/2).
[32m23 12 2025 13:21:25.725:INFO [Chrome 143.0.0.0 (Windows 10)]: [39mConnected on socket Iqx6Eb6XKSHmQskfAAAD with id 78770121
Chrome 143.0.0.0 (Windows 10): Executed 0 of 67[32m SUCCESS[39m (0 secs / 0 secs)
[1A[2KChrome 143.0.0.0 (Windows 10): Executed 1 of 67[32m SUCCESS[39m (0 secs / 0.013 secs)
[1A[2KChrome 143.0.0.0 (Windows 10): Executed 2 of 67[32m SUCCESS[39m (0 secs / 0.017 secs)
[1A[2KChrome 143.0.0.0 (Windows 10): Executed 3 of 67[32m SUCCESS[39m (0 secs / 0.019 secs)
[1A[2KChrome 143.0.0.0 (Windows 10): Executed 4 of 67[32m SUCCESS[39m (0 secs / 0.021 secs)
[1A[2KChrome 143.0.0.0 (Windows 10): Executed 5 of 67[32m SUCCESS[39m (0 secs / 0.023 secs)
[1A[2KChrome 143.0.0.0 (Windows 10): Executed 6 of 67[32m SUCCESS[39m (0 secs / 0.025 secs)
[1A[2KChrome 143.0.0.0 (Windows 10): Executed 7 of 67[32m SUCCESS[39m (0 secs / 0.027 secs)
[1A[2KChrome 143.0.0.0 (Windows 10): Executed 8 of 67[32m SUCCESS[39m (0 secs / 0.029 secs)
[1A[2KChrome 143.0.0.0 (Windows 10): Executed 9 of 67[32m SUCCESS[39m (0 secs / 0.032 secs)
[1A[2KChrome 143.0.0.0 (Windows 10): Executed 10 of 67[32m SUCCESS[39m (0 secs / 0.034 secs)
[1A[2KChrome 143.0.0.0 (Windows 10): Executed 11 of 67[32m SUCCESS[39m (0 secs / 0.035 secs)
[1A[2KChrome 143.0.0.0 (Windows 10): Executed 12 of 67[32m SUCCESS[39m (0 secs / 0.036 secs)
[1A[2KChrome 143.0.0.0 (Windows 10): Executed 13 of 67[32m SUCCESS[39m (0 secs / 0.037 secs)
[1A[2KChrome 143.0.0.0 (Windows 10): Executed 14 of 67[32m SUCCESS[39m (0 secs / 0.039 secs)
[1A[2KChrome 143.0.0.0 (Windows 10): Executed 15 of 67[32m SUCCESS[39m (0 secs / 0.039 secs)
[1A[2KChrome 143.0.0.0 (Windows 10): Executed 16 of 67[32m SUCCESS[39m (0 secs / 0.039 secs)
[1A[2KChrome 143.0.0.0 (Windows 10): Executed 17 of 67[32m SUCCESS[39m (0 secs / 0.039 secs)
[1A[2KChrome 143.0.0.0 (Windows 10): Executed 18 of 67[32m SUCCESS[39m (0 secs / 0.04 secs)
[1A[2KChrome 143.0.0.0 (Windows 10): Executed 19 of 67[32m SUCCESS[39m (0 secs / 0.04 secs)
[1A[2KChrome 143.0.0.0 (Windows 10): Executed 20 of 67[32m SUCCESS[39m (0 secs / 0.04 secs)
[1A[2KChrome 143.0.0.0 (Windows 10): Executed 21 of 67[32m SUCCESS[39m (0 secs / 0.04 secs)
[1A[2KChrome 143.0.0.0 (Windows 10): Executed 22 of 67[32m SUCCESS[39m (0 secs / 0.04 secs)
[1A[2KChrome 143.0.0.0 (Windows 10): Executed 23 of 67[32m SUCCESS[39m (0 secs / 0.041 secs)
[1A[2KChrome 143.0.0.0 (Windows 10): Executed 24 of 67[32m SUCCESS[39m (0 secs / 0.041 secs)
[1A[2KChrome 143.0.0.0 (Windows 10): Executed 25 of 67[32m SUCCESS[39m (0 secs / 0.041 secs)
[1A[2KChrome 143.0.0.0 (Windows 10): Executed 26 of 67[32m SUCCESS[39m (0 secs / 0.041 secs)
[1A[2KChrome 143.0.0.0 (Windows 10): Executed 27 of 67[32m SUCCESS[39m (0 secs / 0.044 secs)
[1A[2KChrome 143.0.0.0 (Windows 10): Executed 28 of 67[32m SUCCESS[39m (0 secs / 0.045 secs)
[1A[2KChrome 143.0.0.0 (Windows 10): Executed 29 of 67[32m SUCCESS[39m (0 secs / 0.057 secs)
[1A[2KChrome 143.0.0.0 (Windows 10): Executed 30 of 67[32m SUCCESS[39m (0 secs / 0.059 secs)
[1A[2KChrome 143.0.0.0 (Windows 10): Executed 31 of 67[32m SUCCESS[39m (0 secs / 0.061 secs)
[1A[2KChrome 143.0.0.0 (Windows 10): Executed 32 of 67[32m SUCCESS[39m (0 secs / 0.063 secs)
[1A[2KChrome 143.0.0.0 (Windows 10): Executed 33 of 67[32m SUCCESS[39m (0 secs / 0.065 secs)
[1A[2KChrome 143.0.0.0 (Windows 10): Executed 34 of 67[32m SUCCESS[39m (0 secs / 0.067 secs)
[1A[2KChrome 143.0.0.0 (Windows 10): Executed 35 of 67[32m SUCCESS[39m (0 secs / 0.068 secs)
[1A[2KChrome 143.0.0.0 (Windows 10): Executed 36 of 67[32m SUCCESS[39m (0 secs / 0.07 secs)
[1A[2KChrome 143.0.0.0 (Windows 10): Executed 37 of 67[32m SUCCESS[39m (0 secs / 0.072 secs)
[1A[2KChrome 143.0.0.0 (Windows 10): Executed 38 of 67[32m SUCCESS[39m (0 secs / 0.074 secs)
[1A[2KChrome 143.0.0.0 (Windows 10): Executed 39 of 67[32m SUCCESS[39m (0 secs / 0.076 secs)
[1A[2KChrome 143.0.0.0 (Windows 10): Executed 40 of 67[32m SUCCESS[39m (0 secs / 0.077 secs)
[1A[2KChrome 143.0.0.0 (Windows 10): Executed 41 of 67[32m SUCCESS[39m (0 secs / 0.078 secs)
[1A[2KChrome 143.0.0.0 (Windows 10): Executed 42 of 67[32m SUCCESS[39m (0 secs / 0.079 secs)
[1A[2KChrome 143.0.0.0 (Windows 10): Executed 43 of 67[32m SUCCESS[39m (0 secs / 0.081 secs)
[1A[2KChrome 143.0.0.0 (Windows 10): Executed 44 of 67[32m SUCCESS[39m (0 secs / 0.081 secs)
[1A[2KChrome 143.0.0.0 (Windows 10): Executed 45 of 67[32m SUCCESS[39m (0 secs / 0.081 secs)
[1A[2KChrome 143.0.0.0 (Windows 10): Executed 46 of 67[32m SUCCESS[39m (0 secs / 0.081 secs)
[1A[2KChrome 143.0.0.0 (Windows 10): Executed 47 of 67[32m SUCCESS[39m (0 secs / 0.081 secs)
[1A[2KChrome 143.0.0.0 (Windows 10): Executed 48 of 67[32m SUCCESS[39m (0 secs / 0.081 secs)
[1A[2KChrome 143.0.0.0 (Windows 10): Executed 49 of 67[32m SUCCESS[39m (0 secs / 0.081 secs)
[1A[2KChrome 143.0.0.0 (Windows 10): Executed 50 of 67[32m SUCCESS[39m (0 secs / 0.081 secs)
[1A[2KChrome 143.0.0.0 (Windows 10): Executed 51 of 67[32m SUCCESS[39m (0 secs / 0.081 secs)
[1A[2KChrome 143.0.0.0 (Windows 10): Executed 52 of 67[32m SUCCESS[39m (0 secs / 0.081 secs)
[1A[2KChrome 143.0.0.0 (Windows 10): Executed 53 of 67[32m SUCCESS[39m (0 secs / 0.081 secs)
[1A[2KChrome 143.0.0.0 (Windows 10): Executed 54 of 67[32m SUCCESS[39m (0 secs / 0.081 secs)
[1A[2KChrome 143.0.0.0 (Windows 10): Executed 55 of 67[32m SUCCESS[39m (0 secs / 0.111 secs)
[1A[2KChrome 143.0.0.0 (Windows 10): Executed 56 of 67[32m SUCCESS[39m (0 secs / 0.153 secs)
[1A[2KChrome 143.0.0.0 (Windows 10): Executed 57 of 67[32m SUCCESS[39m (0 secs / 0.162 secs)
[1A[2KChrome 143.0.0.0 (Windows 10): Executed 58 of 67[32m SUCCESS[39m (0 secs / 0.169 secs)
[1A[2KChrome 143.0.0.0 (Windows 10): Executed 59 of 67[32m SUCCESS[39m (0 secs / 0.177 secs)
[1A[2KChrome 143.0.0.0 (Windows 10): Executed 60 of 67[32m SUCCESS[39m (0 secs / 0.186 secs)
[1A[2KChrome 143.0.0.0 (Windows 10): Executed 61 of 67[32m SUCCESS[39m (0 secs / 0.194 secs)
[1A[2KChrome 143.0.0.0 (Windows 10): Executed 62 of 67[32m SUCCESS[39m (0 secs / 0.203 secs)
[1A[2KChrome 143.0.0.0 (Windows 10): Executed 63 of 67[32m SUCCESS[39m (0 secs / 0.211 secs)
[1A[2KChrome 143.0.0.0 (Windows 10): Executed 64 of 67[32m SUCCESS[39m (0 secs / 0.22 secs)
[1A[2KChrome 143.0.0.0 (Windows 10): Executed 65 of 67[32m SUCCESS[39m (0 secs / 0.228 secs)
[1A[2KChrome 143.0.0.0 (Windows 10): Executed 66 of 67[32m SUCCESS[39m (0 secs / 0.242 secs)
[1A[2KChrome 143.0.0.0 (Windows 10): Executed 67 of 67[32m SUCCESS[39m (0 secs / 0.252 secs)
[1A[2KChrome 143.0.0.0 (Windows 10): Executed 67 of 67[32m SUCCESS[39m (0.305 secs / 0.252 secs)
[32mTOTAL: 67 SUCCESS[39m
[1A[2K[31mChrome 143.0.0.0 (Windows 10) ERROR[39m
  Some of your tests did a full page reload!
Chrome 143.0.0.0 (Windows 10): Executed 67 of 67[32m SUCCESS[39m (0.305 secs / 0.252 secs)
Chrome 143.0.0.0 (Windows 10) ERROR
  Some of your tests did a full page reload!
[33m23 12 2025 13:21:29.270:WARN [Chrome 143.0.0.0 (Windows 10)]: [39mDisconnected (0 times) Client disconnected from CONNECTED state (transport close)
[1A[2K[31mChrome 143.0.0.0 (Windows 10) ERROR[39m
  Disconnected Client disconnected from CONNECTED state (transport close)
Chrome 143.0.0.0 (Windows 10): Executed 67 of 67[32m SUCCESS[39m (0.305 secs / 0.252 secs)
Chrome 143.0.0.0 (Windows 10) ERROR
  Disconnected Client disconnected from CONNECTED state (transport close)
[91m23 12 2025 13:21:29.439:ERROR [launcher]: [39mChrome crashed.
	[17148:16520:1223/132128.926:ERROR:components\device_event_log\device_event_log_impl.cc:198] [13:21:28.926] USB: usb_service_win.cc:105 SetupDiGetDeviceProperty({{A45C254E-DF1C-4EFD-8020-67D146A850E0}, 6}) failed: Element not found. (0x490)

[91m23 12 2025 13:21:29.439:ERROR [launcher]: [39mChrome stdout: 
[91m23 12 2025 13:21:29.439:ERROR [launcher]: [39mChrome stderr: [17148:16520:1223/132128.926:ERROR:components\device_event_log\device_event_log_impl.cc:198] [13:21:28.926] USB: usb_service_win.cc:105 SetupDiGetDeviceProperty({{A45C254E-DF1C-4EFD-8020-67D146A850E0}, 6}) failed: Element not found. (0x490)

[32m23 12 2025 13:21:29.554:INFO [launcher]: [39mTrying to start Chrome again (2/2).
[32m23 12 2025 13:21:31.191:INFO [Chrome 143.0.0.0 (Windows 10)]: [39mConnected on socket zx9s0AT4qdq2bXaBAAAF with id 78770121
[31mChrome 143.0.0.0 (Windows 10) ERROR[39m
  Some of your tests did a full page reload!

Chrome 143.0.0.0 (Windows 10) ERROR
  Some of your tests did a full page reload!
[33m23 12 2025 13:21:31.752:WARN [Chrome 143.0.0.0 (Windows 10)]: [39mDisconnected (0 times) Client disconnected from CONNECTED state (transport close)
[31mChrome 143.0.0.0 (Windows 10) ERROR[39m
  Disconnected Client disconnected from CONNECTED state (transport close)

Chrome 143.0.0.0 (Windows 10) ERROR
  Disconnected Client disconnected from CONNECTED state (transport close)
[91m23 12 2025 13:21:31.992:ERROR [launcher]: [39mChrome crashed.
	
[91m23 12 2025 13:21:31.992:ERROR [launcher]: [39mChrome stdout: 
[91m23 12 2025 13:21:31.992:ERROR [launcher]: [39mChrome stderr: 
[91m23 12 2025 13:21:32.088:ERROR [launcher]: [39mChrome failed 2 times (crashed). Giving up.
[33m23 12 2025 13:21:51.929:WARN [Chrome 143.0.0.0 (Windows 10)]: [39mDisconnected (1 times) , because no message in 30000 ms.
[31mChrome 143.0.0.0 (Windows 10) ERROR[39m
  Disconnected , because no message in 30000 ms.

Chrome 143.0.0.0 (Windows 10) ERROR
  Disconnected , because no message in 30000 ms.

[32mTOTAL: 0 SUCCESS[39m
[33m23 12 2025 13:21:59.263:WARN [Chrome 143.0.0.0 (Windows 10)]: [39mDisconnected (1 times) , because no message in 30000 ms.
[31mChrome 143.0.0.0 (Windows 10) ERROR[39m
  Disconnected , because no message in 30000 ms.

Chrome 143.0.0.0 (Windows 10) ERROR
  Disconnected , because no message in 30000 ms.

[33m23 12 2025 13:22:01.629:WARN [Chrome 143.0.0.0 (Windows 10)]: [39mDisconnected (1 times) , because no message in 30000 ms.
[31mChrome 143.0.0.0 (Windows 10) ERROR[39m
  Disconnected , because no message in 30000 ms.

Chrome 143.0.0.0 (Windows 10) ERROR
  Disconnected , because no message in 30000 ms.

